

<!DOCTYPE html>
<html>
<head>
<meta charset="UTF-8">
<meta name="viewport" content="width=device-width, initial-scale=1, shrink-to-fit=no">
<title>RestAssured Petstore Automation</title>
<link rel="apple-touch-icon" href="https://cdn.jsdelivr.net/gh/extent-framework/extent-github-cdn@b00a2d0486596e73dd7326beacf352c639623a0e/commons/img/logo.png">
<link rel="shortcut icon" href="https://cdn.jsdelivr.net/gh/extent-framework/extent-github-cdn@b00a2d0486596e73dd7326beacf352c639623a0e/commons/img/logo.png">
<link href="https://cdn.jsdelivr.net/gh/extent-framework/extent-github-cdn@ce8b10435bcbae260c334c0d0c6b61d2c19b6168/spark/css/spark-style.css" rel="stylesheet" />
<link href="https://stackpath.bootstrapcdn.com/font-awesome/4.7.0/css/font-awesome.min.css" rel="stylesheet">
<script src="https://cdn.jsdelivr.net/gh/extent-framework/extent-github-cdn@7cc78ce/spark/js/jsontree.js"></script>
<style type="text/css"></style></head><body class="spa -report dark">
  <div class="app">
    <div class="layout">
<div class="header navbar">
<div class="vheader">
<div class="nav-logo">
<a href="#">
<div class="logo" style="background-image: url('https://cdn.jsdelivr.net/gh/extent-framework/extent-github-cdn@b00a2d0486596e73dd7326beacf352c639623a0e/commons/img/logo.png')"></div>
</a>
</div>
<ul class="nav-left">
<li class="search-box">
<a class="search-toggle" href="#">
<i class="search-icon fa fa-search"></i>
<i class="search-icon-close fa fa-close"></i>
</a>
</li>
<li class="search-input"><input id="search-tests" class="form-control" type="text" placeholder="Search..."></li>
</ul>
<ul class="nav-right">
<li class="m-r-10">
<a href="#"><span class="badge badge-primary">Pet Store API Test Report</span></a>
</li>
<li class="m-r-10">
<a href="#"><span class="badge badge-primary">05/07/2025 09:50:10 pm</span></a>
</li>
</ul>
</div>
</div><div class="side-nav">
<div class="side-nav-inner">
<ul class="side-nav-menu">
<li class="nav-item dropdown" onclick="toggleView('test-view')">
<a id="nav-test" class="dropdown-toggle" href="#">
<span class="ico"><i class="fa fa-list"></i></span>
</a>
</li>
<li class="nav-item dropdown" onclick="toggleView('exception-view')">
<a id="nav-exception" class="dropdown-toggle" href="#">
<span class="ico"><i class="fa fa-bug"></i></span>
</a>
</li>
<li class="nav-item dropdown" onclick="toggleView('dashboard-view')">
<a id="nav-dashboard" class="dropdown-toggle" href="#">
<span class="ico"><i class="fa fa-bar-chart"></i></span>
</a>
</li>
</ul>
</div>
</div>      <div class="vcontainer">
        <div class="main-content">
<div class="test-wrapper row view test-view">
  <div class="test-list">
    <div class="test-list-tools">
<ul class="tools pull-left">
<li><a href="#"><span class="font-size-14">Tests</span></a></li>
</ul>
<ul class="tools text-right">
<li class="dropdown">
<a href="#" class="dropdown-toggle" data-toggle="dropdown"><i class="fa fa-exclamation-circle"></i></a>
<ul id="status-toggle" class="dropdown-menu dropdown-md p-v-0">
<a class="dropdown-item" status="pass" href="#"><span>Pass</span><span class="status success"></span></a>
<a class="dropdown-item" status="fail" href="#"><span>Fail</span><span class="status danger"></span></a>
<a class="dropdown-item" status="skip" href="#"><span>Skip</span><span class="status warning"></span></a>
<div class="dropdown-divider"></div>
<a status="clear" class="dropdown-item" href="#"><span>Clear</span><span class="pull-right"><i class="fa fa-close"></i></span></a>
</ul>
</li>
</ul>
</div>    <div class="test-list-wrapper scrollable">
      <ul class="test-list-item">
        <li class="test-item"  status="fail" test-id="2"
          author=""
          tag=""
          device="">
          <div class="test-detail">
            <p class="name">api.tests.UserTests2 - 1. test_createUser</p>
            <p class="text-sm">
              <span>9:50:10 pm</span> / <span>00:00:04:797</span>
              <span class="badge fail-bg log float-right">Fail</span>
            </p>
          </div>
          <div class="test-contents d-none">
<div class="detail-head">
<div class="p-v-10">
<div class="info">
<h5 class="test-status text-fail">api.tests.UserTests2 - 1. test_createUser</h5>
<span class='badge badge-success'>07.05.2025 9:50:10 pm</span>
<span class='badge badge-danger'>07.05.2025 9:50:15 pm</span>
<span class='badge badge-default'>00:00:04:797</span>
&middot; <span class='uri-anchor badge badge-default'>#test-id=2</span>
<span title='Skip to the next failed step' class='badge badge-danger pointer float-right ne ml-1'><i class="fa fa-fast-forward"></i></span>
<span title='Collapse all nodes' class='badge badge-default pointer float-right ct ml-1'><i class="fa fa-compress"></i></span>
<span title='Expand all nodes' class='badge badge-default pointer float-right et'><i class="fa fa-expand"></i></span>
</div>
<div class="m-t-10 m-l-5"></div>
</div>
</div><div class="detail-body mt-4">
<table class="table table-sm">
  <thead><tr><th class="status-col">Status</th><th class="timestamp-col">Timestamp</th><th class="details-col">Details</th></tr></thead>
  <tbody>
      <tr class="event-row">
        <td><span class="badge log info-bg">Info</span></td>
        <td>9:50:10 pm</td>
        <td>
          test_createUser started executing.
        </td>
      </tr>
      <tr class="event-row">
        <td><span class="badge log fail-bg">Fail</span></td>
        <td>9:50:15 pm</td>
        <td>
          Unexpected exception: java.io.FileNotFoundException: C:\Users\ubaidullah.bawa\eclipse-workspace\PetStoreAutomation\test-data\postUserSchema.json (The system cannot find the path specified)
        </td>
      </tr>
      <tr class="event-row">
        <td><span class="badge log info-bg">Info</span></td>
        <td>9:50:15 pm</td>
        <td>
          Test finished
        </td>
      </tr>
      <tr class="event-row">
        <td><span class="badge log info-bg">Info</span></td>
        <td>9:50:15 pm</td>
        <td>
          <textarea readonly class="code-block">io.restassured.module.jsv.JsonSchemaValidationException: java.io.FileNotFoundException: C:\Users\ubaidullah.bawa\eclipse-workspace\PetStoreAutomation\test-data\postUserSchema.json (The system cannot find the path specified)
	at io.restassured.module.jsv.JsonSchemaValidator$JsonSchemaValidatorFactory.create(JsonSchemaValidator.java:286)
	at io.restassured.module.jsv.JsonSchemaValidator.matchesJsonSchema(JsonSchemaValidator.java:157)
	at api.tests.UserTests2.test_createUser(UserTests2.java:90)
	at java.base/jdk.internal.reflect.DirectMethodHandleAccessor.invoke(DirectMethodHandleAccessor.java:103)
	at java.base/java.lang.reflect.Method.invoke(Method.java:580)
	at org.testng.internal.invokers.MethodInvocationHelper.invokeMethod(MethodInvocationHelper.java:141)
	at org.testng.internal.invokers.TestInvoker.invokeMethod(TestInvoker.java:687)
	at org.testng.internal.invokers.TestInvoker.invokeTestMethod(TestInvoker.java:230)
	at org.testng.internal.invokers.MethodRunner.runInSequence(MethodRunner.java:63)
	at org.testng.internal.invokers.TestInvoker$MethodInvocationAgent.invoke(TestInvoker.java:995)
	at org.testng.internal.invokers.TestInvoker.invokeTestMethods(TestInvoker.java:203)
	at org.testng.internal.invokers.TestMethodWorker.invokeTestMethods(TestMethodWorker.java:154)
	at org.testng.internal.invokers.TestMethodWorker.run(TestMethodWorker.java:134)
	at java.base/java.util.concurrent.Executors$RunnableAdapter.call(Executors.java:572)
	at java.base/java.util.concurrent.FutureTask.run(FutureTask.java:317)
	at org.testng.internal.thread.graph.TestNGFutureTask.run(TestNGFutureTask.java:22)
	at java.base/java.util.concurrent.ThreadPoolExecutor.runWorker(ThreadPoolExecutor.java:1144)
	at java.base/java.util.concurrent.ThreadPoolExecutor$Worker.run(ThreadPoolExecutor.java:642)
	at java.base/java.lang.Thread.run(Thread.java:1583)
Caused by: java.io.FileNotFoundException: C:\Users\ubaidullah.bawa\eclipse-workspace\PetStoreAutomation\test-data\postUserSchema.json (The system cannot find the path specified)
	at java.base/java.io.FileInputStream.open0(Native Method)
	at java.base/java.io.FileInputStream.open(FileInputStream.java:213)
	at java.base/java.io.FileInputStream.<init>(FileInputStream.java:152)
	at com.github.fge.jackson.JsonLoader.fromFile(JsonLoader.java:165)
	at io.restassured.module.jsv.JsonSchemaValidator$3.createSchemaInstance(JsonSchemaValidator.java:155)
	at io.restassured.module.jsv.JsonSchemaValidator$3.createSchemaInstance(JsonSchemaValidator.java:152)
	at io.restassured.module.jsv.JsonSchemaValidator$JsonSchemaValidatorFactory.create(JsonSchemaValidator.java:284)
	... 18 more
</textarea>
          
        </td>
      </tr>
      <tr class="event-row">
        <td><span class="badge log fail-bg">Fail</span></td>
        <td>9:50:15 pm</td>
        <td>
          test_createUser got failed.
        </td>
      </tr>
  </tbody>
</table>
</div>
  <div class="mt-4">  <div class="accordion" role="tablist">
      <div class="card">
        <div class="card-header">
          <div class="card-toolbar node-info">
            <ul class="list-inline d-none d-sm-block">
              <li><span class="badge pass-bg log ">Pass</span></li>
              <li><span class='badge badge-default'>30:00:000</span></li>
              <li></li>
            </ul>
          </div>
          <div class="card-title">
            <a class="node " id="6"><span>test_createUser</span></a>
            <div class="node-attr">
            </div>
          </div>
        </div>
      </div>
  </div>
</div>
          </div>
        </li>
        <li class="test-item"  status="fail" test-id="1"
          author=""
          tag=""
          device="">
          <div class="test-detail">
            <p class="name">api.tests.UserTests - 1. test_createUser</p>
            <p class="text-sm">
              <span>9:50:10 pm</span> / <span>00:00:04:798</span>
              <span class="badge fail-bg log float-right">Fail</span>
            </p>
          </div>
          <div class="test-contents d-none">
<div class="detail-head">
<div class="p-v-10">
<div class="info">
<h5 class="test-status text-fail">api.tests.UserTests - 1. test_createUser</h5>
<span class='badge badge-success'>07.05.2025 9:50:10 pm</span>
<span class='badge badge-danger'>07.05.2025 9:50:15 pm</span>
<span class='badge badge-default'>00:00:04:798</span>
&middot; <span class='uri-anchor badge badge-default'>#test-id=1</span>
<span title='Skip to the next failed step' class='badge badge-danger pointer float-right ne ml-1'><i class="fa fa-fast-forward"></i></span>
<span title='Collapse all nodes' class='badge badge-default pointer float-right ct ml-1'><i class="fa fa-compress"></i></span>
<span title='Expand all nodes' class='badge badge-default pointer float-right et'><i class="fa fa-expand"></i></span>
</div>
<div class="m-t-10 m-l-5"></div>
</div>
</div><div class="detail-body mt-4">
<table class="table table-sm">
  <thead><tr><th class="status-col">Status</th><th class="timestamp-col">Timestamp</th><th class="details-col">Details</th></tr></thead>
  <tbody>
      <tr class="event-row">
        <td><span class="badge log info-bg">Info</span></td>
        <td>9:50:10 pm</td>
        <td>
          test_createUser started executing.
        </td>
      </tr>
      <tr class="event-row">
        <td><span class="badge log fail-bg">Fail</span></td>
        <td>9:50:15 pm</td>
        <td>
          Unexpected exception: java.io.FileNotFoundException: C:\Users\ubaidullah.bawa\eclipse-workspace\PetStoreAutomation\test-data\postUserSchema.json (The system cannot find the path specified)
        </td>
      </tr>
      <tr class="event-row">
        <td><span class="badge log info-bg">Info</span></td>
        <td>9:50:15 pm</td>
        <td>
          Test finished
        </td>
      </tr>
      <tr class="event-row">
        <td><span class="badge log info-bg">Info</span></td>
        <td>9:50:15 pm</td>
        <td>
          <textarea readonly class="code-block">io.restassured.module.jsv.JsonSchemaValidationException: java.io.FileNotFoundException: C:\Users\ubaidullah.bawa\eclipse-workspace\PetStoreAutomation\test-data\postUserSchema.json (The system cannot find the path specified)
	at io.restassured.module.jsv.JsonSchemaValidator$JsonSchemaValidatorFactory.create(JsonSchemaValidator.java:286)
	at io.restassured.module.jsv.JsonSchemaValidator.matchesJsonSchema(JsonSchemaValidator.java:157)
	at api.tests.UserTests.test_createUser(UserTests.java:87)
	at java.base/jdk.internal.reflect.DirectMethodHandleAccessor.invoke(DirectMethodHandleAccessor.java:103)
	at java.base/java.lang.reflect.Method.invoke(Method.java:580)
	at org.testng.internal.invokers.MethodInvocationHelper.invokeMethod(MethodInvocationHelper.java:141)
	at org.testng.internal.invokers.TestInvoker.invokeMethod(TestInvoker.java:687)
	at org.testng.internal.invokers.TestInvoker.invokeTestMethod(TestInvoker.java:230)
	at org.testng.internal.invokers.MethodRunner.runInSequence(MethodRunner.java:63)
	at org.testng.internal.invokers.TestInvoker$MethodInvocationAgent.invoke(TestInvoker.java:995)
	at org.testng.internal.invokers.TestInvoker.invokeTestMethods(TestInvoker.java:203)
	at org.testng.internal.invokers.TestMethodWorker.invokeTestMethods(TestMethodWorker.java:154)
	at org.testng.internal.invokers.TestMethodWorker.run(TestMethodWorker.java:134)
	at java.base/java.util.concurrent.Executors$RunnableAdapter.call(Executors.java:572)
	at java.base/java.util.concurrent.FutureTask.run(FutureTask.java:317)
	at org.testng.internal.thread.graph.TestNGFutureTask.run(TestNGFutureTask.java:22)
	at java.base/java.util.concurrent.ThreadPoolExecutor.runWorker(ThreadPoolExecutor.java:1144)
	at java.base/java.util.concurrent.ThreadPoolExecutor$Worker.run(ThreadPoolExecutor.java:642)
	at java.base/java.lang.Thread.run(Thread.java:1583)
Caused by: java.io.FileNotFoundException: C:\Users\ubaidullah.bawa\eclipse-workspace\PetStoreAutomation\test-data\postUserSchema.json (The system cannot find the path specified)
	at java.base/java.io.FileInputStream.open0(Native Method)
	at java.base/java.io.FileInputStream.open(FileInputStream.java:213)
	at java.base/java.io.FileInputStream.<init>(FileInputStream.java:152)
	at com.github.fge.jackson.JsonLoader.fromFile(JsonLoader.java:165)
	at io.restassured.module.jsv.JsonSchemaValidator$3.createSchemaInstance(JsonSchemaValidator.java:155)
	at io.restassured.module.jsv.JsonSchemaValidator$3.createSchemaInstance(JsonSchemaValidator.java:152)
	at io.restassured.module.jsv.JsonSchemaValidator$JsonSchemaValidatorFactory.create(JsonSchemaValidator.java:284)
	... 18 more
</textarea>
          
        </td>
      </tr>
      <tr class="event-row">
        <td><span class="badge log fail-bg">Fail</span></td>
        <td>9:50:15 pm</td>
        <td>
          test_createUser got failed.
        </td>
      </tr>
  </tbody>
</table>
</div>
  <div class="mt-4">  <div class="accordion" role="tablist">
      <div class="card">
        <div class="card-header">
          <div class="card-toolbar node-info">
            <ul class="list-inline d-none d-sm-block">
              <li><span class="badge pass-bg log ">Pass</span></li>
              <li><span class='badge badge-default'>30:00:000</span></li>
              <li></li>
            </ul>
          </div>
          <div class="card-title">
            <a class="node " id="7"><span>test_createUser</span></a>
            <div class="node-attr">
            </div>
          </div>
        </div>
      </div>
  </div>
</div>
          </div>
        </li>
        <li class="test-item"  status="pass" test-id="3"
          author=""
          tag=""
          device="">
          <div class="test-detail">
            <p class="name">api.tests.DDTests - 1. test_DDT_createUser</p>
            <p class="text-sm">
              <span>9:50:12 pm</span> / <span>00:00:02:682</span>
              <span class="badge pass-bg log float-right">Pass</span>
            </p>
          </div>
          <div class="test-contents d-none">
<div class="detail-head">
<div class="p-v-10">
<div class="info">
<h5 class="test-status text-pass">api.tests.DDTests - 1. test_DDT_createUser</h5>
<span class='badge badge-success'>07.05.2025 9:50:12 pm</span>
<span class='badge badge-danger'>07.05.2025 9:50:14 pm</span>
<span class='badge badge-default'>00:00:02:682</span>
&middot; <span class='uri-anchor badge badge-default'>#test-id=3</span>
<span title='Skip to the next failed step' class='badge badge-danger pointer float-right ne ml-1'><i class="fa fa-fast-forward"></i></span>
<span title='Collapse all nodes' class='badge badge-default pointer float-right ct ml-1'><i class="fa fa-compress"></i></span>
<span title='Expand all nodes' class='badge badge-default pointer float-right et'><i class="fa fa-expand"></i></span>
</div>
<div class="m-t-10 m-l-5"></div>
</div>
</div><div class="detail-body mt-4">
<table class="table table-sm">
  <thead><tr><th class="status-col">Status</th><th class="timestamp-col">Timestamp</th><th class="details-col">Details</th></tr></thead>
  <tbody>
      <tr class="event-row">
        <td><span class="badge log info-bg">Info</span></td>
        <td>9:50:12 pm</td>
        <td>
          test_DDT_createUser started executing.
        </td>
      </tr>
      <tr class="event-row">
        <td><span class="badge log pass-bg">Pass</span></td>
        <td>9:50:14 pm</td>
        <td>
          test_DDT_createUser got successfully executed.
        </td>
      </tr>
  </tbody>
</table>
</div>
  <div class="mt-4">  <div class="accordion" role="tablist">
      <div class="card">
        <div class="card-header">
          <div class="card-toolbar node-info">
            <ul class="list-inline d-none d-sm-block">
              <li><span class="badge pass-bg log ">Pass</span></li>
              <li><span class='badge badge-default'>30:00:000</span></li>
              <li></li>
            </ul>
          </div>
          <div class="card-title">
            <a class="node " id="4"><span>test_DDT_createUser</span></a>
            <div class="node-attr">
            </div>
          </div>
        </div>
      </div>
  </div>
</div>
          </div>
        </li>
        <li class="test-item"  status="pass" test-id="5"
          author=""
          tag=""
          device="">
          <div class="test-detail">
            <p class="name">api.tests.DDTests - 1. test_DDT_createUser</p>
            <p class="text-sm">
              <span>9:50:14 pm</span> / <span>00:00:01:548</span>
              <span class="badge pass-bg log float-right">Pass</span>
            </p>
          </div>
          <div class="test-contents d-none">
<div class="detail-head">
<div class="p-v-10">
<div class="info">
<h5 class="test-status text-pass">api.tests.DDTests - 1. test_DDT_createUser</h5>
<span class='badge badge-success'>07.05.2025 9:50:14 pm</span>
<span class='badge badge-danger'>07.05.2025 9:50:16 pm</span>
<span class='badge badge-default'>00:00:01:548</span>
&middot; <span class='uri-anchor badge badge-default'>#test-id=5</span>
<span title='Skip to the next failed step' class='badge badge-danger pointer float-right ne ml-1'><i class="fa fa-fast-forward"></i></span>
<span title='Collapse all nodes' class='badge badge-default pointer float-right ct ml-1'><i class="fa fa-compress"></i></span>
<span title='Expand all nodes' class='badge badge-default pointer float-right et'><i class="fa fa-expand"></i></span>
</div>
<div class="m-t-10 m-l-5"></div>
</div>
</div><div class="detail-body mt-4">
<table class="table table-sm">
  <thead><tr><th class="status-col">Status</th><th class="timestamp-col">Timestamp</th><th class="details-col">Details</th></tr></thead>
  <tbody>
      <tr class="event-row">
        <td><span class="badge log info-bg">Info</span></td>
        <td>9:50:14 pm</td>
        <td>
          test_DDT_createUser started executing.
        </td>
      </tr>
      <tr class="event-row">
        <td><span class="badge log pass-bg">Pass</span></td>
        <td>9:50:16 pm</td>
        <td>
          test_DDT_createUser got successfully executed.
        </td>
      </tr>
  </tbody>
</table>
</div>
  <div class="mt-4">  <div class="accordion" role="tablist">
      <div class="card">
        <div class="card-header">
          <div class="card-toolbar node-info">
            <ul class="list-inline d-none d-sm-block">
              <li><span class="badge pass-bg log ">Pass</span></li>
              <li><span class='badge badge-default'>30:00:000</span></li>
              <li></li>
            </ul>
          </div>
          <div class="card-title">
            <a class="node " id="10"><span>test_DDT_createUser</span></a>
            <div class="node-attr">
            </div>
          </div>
        </div>
      </div>
  </div>
</div>
          </div>
        </li>
        <li class="test-item"  status="fail" test-id="8"
          author=""
          tag=""
          device="">
          <div class="test-detail">
            <p class="name">api.tests.UserTests - 2. test_getUserByName</p>
            <p class="text-sm">
              <span>9:50:15 pm</span> / <span>00:00:01:546</span>
              <span class="badge fail-bg log float-right">Fail</span>
            </p>
          </div>
          <div class="test-contents d-none">
<div class="detail-head">
<div class="p-v-10">
<div class="info">
<h5 class="test-status text-fail">api.tests.UserTests - 2. test_getUserByName</h5>
<span class='badge badge-success'>07.05.2025 9:50:15 pm</span>
<span class='badge badge-danger'>07.05.2025 9:50:17 pm</span>
<span class='badge badge-default'>00:00:01:546</span>
&middot; <span class='uri-anchor badge badge-default'>#test-id=8</span>
<span title='Skip to the next failed step' class='badge badge-danger pointer float-right ne ml-1'><i class="fa fa-fast-forward"></i></span>
<span title='Collapse all nodes' class='badge badge-default pointer float-right ct ml-1'><i class="fa fa-compress"></i></span>
<span title='Expand all nodes' class='badge badge-default pointer float-right et'><i class="fa fa-expand"></i></span>
</div>
<div class="m-t-10 m-l-5"></div>
</div>
</div><div class="detail-body mt-4">
<table class="table table-sm">
  <thead><tr><th class="status-col">Status</th><th class="timestamp-col">Timestamp</th><th class="details-col">Details</th></tr></thead>
  <tbody>
      <tr class="event-row">
        <td><span class="badge log info-bg">Info</span></td>
        <td>9:50:15 pm</td>
        <td>
          test_getUserByName started executing.
        </td>
      </tr>
      <tr class="event-row">
        <td><span class="badge log info-bg">Info</span></td>
        <td>9:50:15 pm</td>
        <td>
          Test for GET user response time started
        </td>
      </tr>
      <tr class="event-row">
        <td><span class="badge log fail-bg">Fail</span></td>
        <td>9:50:17 pm</td>
        <td>
          Unexpected exception: JSONObject["id"] not found.
        </td>
      </tr>
      <tr class="event-row">
        <td><span class="badge log info-bg">Info</span></td>
        <td>9:50:17 pm</td>
        <td>
          Test finished
        </td>
      </tr>
      <tr class="event-row">
        <td><span class="badge log info-bg">Info</span></td>
        <td>9:50:17 pm</td>
        <td>
          <textarea readonly class="code-block">org.json.JSONException: JSONObject["id"] not found.
	at org.json.JSONObject.get(JSONObject.java:635)
	at api.tests.UserTests.test_getUserByName(UserTests.java:125)
	at java.base/jdk.internal.reflect.DirectMethodHandleAccessor.invoke(DirectMethodHandleAccessor.java:103)
	at java.base/java.lang.reflect.Method.invoke(Method.java:580)
	at org.testng.internal.invokers.MethodInvocationHelper.invokeMethod(MethodInvocationHelper.java:141)
	at org.testng.internal.invokers.TestInvoker.invokeMethod(TestInvoker.java:687)
	at org.testng.internal.invokers.TestInvoker.invokeTestMethod(TestInvoker.java:230)
	at org.testng.internal.invokers.MethodRunner.runInSequence(MethodRunner.java:63)
	at org.testng.internal.invokers.TestInvoker$MethodInvocationAgent.invoke(TestInvoker.java:995)
	at org.testng.internal.invokers.TestInvoker.invokeTestMethods(TestInvoker.java:203)
	at org.testng.internal.invokers.TestMethodWorker.invokeTestMethods(TestMethodWorker.java:154)
	at org.testng.internal.invokers.TestMethodWorker.run(TestMethodWorker.java:134)
	at java.base/java.util.concurrent.Executors$RunnableAdapter.call(Executors.java:572)
	at java.base/java.util.concurrent.FutureTask.run(FutureTask.java:317)
	at org.testng.internal.thread.graph.TestNGFutureTask.run(TestNGFutureTask.java:22)
	at java.base/java.util.concurrent.ThreadPoolExecutor.runWorker(ThreadPoolExecutor.java:1144)
	at java.base/java.util.concurrent.ThreadPoolExecutor$Worker.run(ThreadPoolExecutor.java:642)
	at java.base/java.lang.Thread.run(Thread.java:1583)
</textarea>
          
        </td>
      </tr>
      <tr class="event-row">
        <td><span class="badge log skip-bg">Skip</span></td>
        <td>9:50:17 pm</td>
        <td>
          test_getUserByName got skipped.
        </td>
      </tr>
  </tbody>
</table>
</div>
  <div class="mt-4">  <div class="accordion" role="tablist">
      <div class="card">
        <div class="card-header">
          <div class="card-toolbar node-info">
            <ul class="list-inline d-none d-sm-block">
              <li><span class="badge pass-bg log ">Pass</span></li>
              <li><span class='badge badge-default'>30:00:000</span></li>
              <li></li>
            </ul>
          </div>
          <div class="card-title">
            <a class="node " id="12"><span>test_getUserByName</span></a>
            <div class="node-attr">
            </div>
          </div>
        </div>
      </div>
  </div>
</div>
          </div>
        </li>
        <li class="test-item"  status="pass" test-id="9"
          author=""
          tag=""
          device="">
          <div class="test-detail">
            <p class="name">api.tests.UserTests2 - 2. test_getUserByName</p>
            <p class="text-sm">
              <span>9:50:15 pm</span> / <span>00:00:01:652</span>
              <span class="badge pass-bg log float-right">Pass</span>
            </p>
          </div>
          <div class="test-contents d-none">
<div class="detail-head">
<div class="p-v-10">
<div class="info">
<h5 class="test-status text-pass">api.tests.UserTests2 - 2. test_getUserByName</h5>
<span class='badge badge-success'>07.05.2025 9:50:15 pm</span>
<span class='badge badge-danger'>07.05.2025 9:50:17 pm</span>
<span class='badge badge-default'>00:00:01:652</span>
&middot; <span class='uri-anchor badge badge-default'>#test-id=9</span>
<span title='Skip to the next failed step' class='badge badge-danger pointer float-right ne ml-1'><i class="fa fa-fast-forward"></i></span>
<span title='Collapse all nodes' class='badge badge-default pointer float-right ct ml-1'><i class="fa fa-compress"></i></span>
<span title='Expand all nodes' class='badge badge-default pointer float-right et'><i class="fa fa-expand"></i></span>
</div>
<div class="m-t-10 m-l-5"></div>
</div>
</div><div class="detail-body mt-4">
<table class="table table-sm">
  <thead><tr><th class="status-col">Status</th><th class="timestamp-col">Timestamp</th><th class="details-col">Details</th></tr></thead>
  <tbody>
      <tr class="event-row">
        <td><span class="badge log info-bg">Info</span></td>
        <td>9:50:15 pm</td>
        <td>
          test_getUserByName started executing.
        </td>
      </tr>
      <tr class="event-row">
        <td><span class="badge log info-bg">Info</span></td>
        <td>9:50:15 pm</td>
        <td>
          Test for GET user response time started
        </td>
      </tr>
      <tr class="event-row">
        <td><span class="badge log info-bg">Info</span></td>
        <td>9:50:17 pm</td>
        <td>
          Test finished
        </td>
      </tr>
      <tr class="event-row">
        <td><span class="badge log pass-bg">Pass</span></td>
        <td>9:50:17 pm</td>
        <td>
          test_getUserByName got successfully executed.
        </td>
      </tr>
  </tbody>
</table>
</div>
  <div class="mt-4">  <div class="accordion" role="tablist">
      <div class="card">
        <div class="card-header">
          <div class="card-toolbar node-info">
            <ul class="list-inline d-none d-sm-block">
              <li><span class="badge pass-bg log ">Pass</span></li>
              <li><span class='badge badge-default'>30:00:000</span></li>
              <li></li>
            </ul>
          </div>
          <div class="card-title">
            <a class="node " id="14"><span>test_getUserByName</span></a>
            <div class="node-attr">
            </div>
          </div>
        </div>
      </div>
  </div>
</div>
          </div>
        </li>
        <li class="test-item"  status="pass" test-id="11"
          author=""
          tag=""
          device="">
          <div class="test-detail">
            <p class="name">api.tests.DDTests - 1. test_DDT_createUser</p>
            <p class="text-sm">
              <span>9:50:16 pm</span> / <span>00:00:01:351</span>
              <span class="badge pass-bg log float-right">Pass</span>
            </p>
          </div>
          <div class="test-contents d-none">
<div class="detail-head">
<div class="p-v-10">
<div class="info">
<h5 class="test-status text-pass">api.tests.DDTests - 1. test_DDT_createUser</h5>
<span class='badge badge-success'>07.05.2025 9:50:16 pm</span>
<span class='badge badge-danger'>07.05.2025 9:50:17 pm</span>
<span class='badge badge-default'>00:00:01:351</span>
&middot; <span class='uri-anchor badge badge-default'>#test-id=11</span>
<span title='Skip to the next failed step' class='badge badge-danger pointer float-right ne ml-1'><i class="fa fa-fast-forward"></i></span>
<span title='Collapse all nodes' class='badge badge-default pointer float-right ct ml-1'><i class="fa fa-compress"></i></span>
<span title='Expand all nodes' class='badge badge-default pointer float-right et'><i class="fa fa-expand"></i></span>
</div>
<div class="m-t-10 m-l-5"></div>
</div>
</div><div class="detail-body mt-4">
<table class="table table-sm">
  <thead><tr><th class="status-col">Status</th><th class="timestamp-col">Timestamp</th><th class="details-col">Details</th></tr></thead>
  <tbody>
      <tr class="event-row">
        <td><span class="badge log info-bg">Info</span></td>
        <td>9:50:16 pm</td>
        <td>
          test_DDT_createUser started executing.
        </td>
      </tr>
      <tr class="event-row">
        <td><span class="badge log pass-bg">Pass</span></td>
        <td>9:50:17 pm</td>
        <td>
          test_DDT_createUser got successfully executed.
        </td>
      </tr>
  </tbody>
</table>
</div>
  <div class="mt-4">  <div class="accordion" role="tablist">
      <div class="card">
        <div class="card-header">
          <div class="card-toolbar node-info">
            <ul class="list-inline d-none d-sm-block">
              <li><span class="badge pass-bg log ">Pass</span></li>
              <li><span class='badge badge-default'>30:00:000</span></li>
              <li></li>
            </ul>
          </div>
          <div class="card-title">
            <a class="node " id="16"><span>test_DDT_createUser</span></a>
            <div class="node-attr">
            </div>
          </div>
        </div>
      </div>
  </div>
</div>
          </div>
        </li>
        <li class="test-item"  status="pass" test-id="13"
          author=""
          tag=""
          device="">
          <div class="test-detail">
            <p class="name">api.tests.UserTests - 2. test_getUserByName</p>
            <p class="text-sm">
              <span>9:50:17 pm</span> / <span>00:00:01:283</span>
              <span class="badge pass-bg log float-right">Pass</span>
            </p>
          </div>
          <div class="test-contents d-none">
<div class="detail-head">
<div class="p-v-10">
<div class="info">
<h5 class="test-status text-pass">api.tests.UserTests - 2. test_getUserByName</h5>
<span class='badge badge-success'>07.05.2025 9:50:17 pm</span>
<span class='badge badge-danger'>07.05.2025 9:50:18 pm</span>
<span class='badge badge-default'>00:00:01:283</span>
&middot; <span class='uri-anchor badge badge-default'>#test-id=13</span>
<span title='Skip to the next failed step' class='badge badge-danger pointer float-right ne ml-1'><i class="fa fa-fast-forward"></i></span>
<span title='Collapse all nodes' class='badge badge-default pointer float-right ct ml-1'><i class="fa fa-compress"></i></span>
<span title='Expand all nodes' class='badge badge-default pointer float-right et'><i class="fa fa-expand"></i></span>
</div>
<div class="m-t-10 m-l-5"></div>
</div>
</div><div class="detail-body mt-4">
<table class="table table-sm">
  <thead><tr><th class="status-col">Status</th><th class="timestamp-col">Timestamp</th><th class="details-col">Details</th></tr></thead>
  <tbody>
      <tr class="event-row">
        <td><span class="badge log info-bg">Info</span></td>
        <td>9:50:17 pm</td>
        <td>
          test_getUserByName started executing.
        </td>
      </tr>
      <tr class="event-row">
        <td><span class="badge log info-bg">Info</span></td>
        <td>9:50:17 pm</td>
        <td>
          Test for GET user response time started
        </td>
      </tr>
      <tr class="event-row">
        <td><span class="badge log info-bg">Info</span></td>
        <td>9:50:18 pm</td>
        <td>
          Test finished
        </td>
      </tr>
      <tr class="event-row">
        <td><span class="badge log pass-bg">Pass</span></td>
        <td>9:50:18 pm</td>
        <td>
          test_getUserByName got successfully executed.
        </td>
      </tr>
  </tbody>
</table>
</div>
  <div class="mt-4">  <div class="accordion" role="tablist">
      <div class="card">
        <div class="card-header">
          <div class="card-toolbar node-info">
            <ul class="list-inline d-none d-sm-block">
              <li><span class="badge pass-bg log ">Pass</span></li>
              <li><span class='badge badge-default'>30:00:000</span></li>
              <li></li>
            </ul>
          </div>
          <div class="card-title">
            <a class="node " id="18"><span>test_getUserByName</span></a>
            <div class="node-attr">
            </div>
          </div>
        </div>
      </div>
  </div>
</div>
          </div>
        </li>
        <li class="test-item"  status="fail" test-id="15"
          author=""
          tag=""
          device="">
          <div class="test-detail">
            <p class="name">api.tests.UserTests2 - 3. test_updateUserByName</p>
            <p class="text-sm">
              <span>9:50:17 pm</span> / <span>00:00:01:252</span>
              <span class="badge fail-bg log float-right">Fail</span>
            </p>
          </div>
          <div class="test-contents d-none">
<div class="detail-head">
<div class="p-v-10">
<div class="info">
<h5 class="test-status text-fail">api.tests.UserTests2 - 3. test_updateUserByName</h5>
<span class='badge badge-success'>07.05.2025 9:50:17 pm</span>
<span class='badge badge-danger'>07.05.2025 9:50:18 pm</span>
<span class='badge badge-default'>00:00:01:252</span>
&middot; <span class='uri-anchor badge badge-default'>#test-id=15</span>
<span title='Skip to the next failed step' class='badge badge-danger pointer float-right ne ml-1'><i class="fa fa-fast-forward"></i></span>
<span title='Collapse all nodes' class='badge badge-default pointer float-right ct ml-1'><i class="fa fa-compress"></i></span>
<span title='Expand all nodes' class='badge badge-default pointer float-right et'><i class="fa fa-expand"></i></span>
</div>
<div class="m-t-10 m-l-5"></div>
</div>
</div><div class="detail-body mt-4">
<table class="table table-sm">
  <thead><tr><th class="status-col">Status</th><th class="timestamp-col">Timestamp</th><th class="details-col">Details</th></tr></thead>
  <tbody>
      <tr class="event-row">
        <td><span class="badge log info-bg">Info</span></td>
        <td>9:50:17 pm</td>
        <td>
          test_updateUserByName started executing.
        </td>
      </tr>
      <tr class="event-row">
        <td><span class="badge log info-bg">Info</span></td>
        <td>9:50:17 pm</td>
        <td>
          Test for updating user started
        </td>
      </tr>
      <tr class="event-row">
        <td><span class="badge log fail-bg">Fail</span></td>
        <td>9:50:18 pm</td>
        <td>
          Unexpected exception: java.io.FileNotFoundException: C:\Users\ubaidullah.bawa\eclipse-workspace\PetStoreAutomation\test-data\putUserSchema.json (The system cannot find the path specified)
        </td>
      </tr>
      <tr class="event-row">
        <td><span class="badge log info-bg">Info</span></td>
        <td>9:50:18 pm</td>
        <td>
          Test finished
        </td>
      </tr>
      <tr class="event-row">
        <td><span class="badge log info-bg">Info</span></td>
        <td>9:50:18 pm</td>
        <td>
          <textarea readonly class="code-block">io.restassured.module.jsv.JsonSchemaValidationException: java.io.FileNotFoundException: C:\Users\ubaidullah.bawa\eclipse-workspace\PetStoreAutomation\test-data\putUserSchema.json (The system cannot find the path specified)
	at io.restassured.module.jsv.JsonSchemaValidator$JsonSchemaValidatorFactory.create(JsonSchemaValidator.java:286)
	at io.restassured.module.jsv.JsonSchemaValidator.matchesJsonSchema(JsonSchemaValidator.java:157)
	at api.tests.UserTests2.test_updateUserByName(UserTests2.java:195)
	at java.base/jdk.internal.reflect.DirectMethodHandleAccessor.invoke(DirectMethodHandleAccessor.java:103)
	at java.base/java.lang.reflect.Method.invoke(Method.java:580)
	at org.testng.internal.invokers.MethodInvocationHelper.invokeMethod(MethodInvocationHelper.java:141)
	at org.testng.internal.invokers.TestInvoker.invokeMethod(TestInvoker.java:687)
	at org.testng.internal.invokers.TestInvoker.invokeTestMethod(TestInvoker.java:230)
	at org.testng.internal.invokers.MethodRunner.runInSequence(MethodRunner.java:63)
	at org.testng.internal.invokers.TestInvoker$MethodInvocationAgent.invoke(TestInvoker.java:995)
	at org.testng.internal.invokers.TestInvoker.invokeTestMethods(TestInvoker.java:203)
	at org.testng.internal.invokers.TestMethodWorker.invokeTestMethods(TestMethodWorker.java:154)
	at org.testng.internal.invokers.TestMethodWorker.run(TestMethodWorker.java:134)
	at java.base/java.util.concurrent.Executors$RunnableAdapter.call(Executors.java:572)
	at java.base/java.util.concurrent.FutureTask.run(FutureTask.java:317)
	at org.testng.internal.thread.graph.TestNGFutureTask.run(TestNGFutureTask.java:22)
	at java.base/java.util.concurrent.ThreadPoolExecutor.runWorker(ThreadPoolExecutor.java:1144)
	at java.base/java.util.concurrent.ThreadPoolExecutor$Worker.run(ThreadPoolExecutor.java:642)
	at java.base/java.lang.Thread.run(Thread.java:1583)
Caused by: java.io.FileNotFoundException: C:\Users\ubaidullah.bawa\eclipse-workspace\PetStoreAutomation\test-data\putUserSchema.json (The system cannot find the path specified)
	at java.base/java.io.FileInputStream.open0(Native Method)
	at java.base/java.io.FileInputStream.open(FileInputStream.java:213)
	at java.base/java.io.FileInputStream.<init>(FileInputStream.java:152)
	at com.github.fge.jackson.JsonLoader.fromFile(JsonLoader.java:165)
	at io.restassured.module.jsv.JsonSchemaValidator$3.createSchemaInstance(JsonSchemaValidator.java:155)
	at io.restassured.module.jsv.JsonSchemaValidator$3.createSchemaInstance(JsonSchemaValidator.java:152)
	at io.restassured.module.jsv.JsonSchemaValidator$JsonSchemaValidatorFactory.create(JsonSchemaValidator.java:284)
	... 18 more
</textarea>
          
        </td>
      </tr>
      <tr class="event-row">
        <td><span class="badge log skip-bg">Skip</span></td>
        <td>9:50:18 pm</td>
        <td>
          test_updateUserByName got skipped.
        </td>
      </tr>
  </tbody>
</table>
</div>
  <div class="mt-4">  <div class="accordion" role="tablist">
      <div class="card">
        <div class="card-header">
          <div class="card-toolbar node-info">
            <ul class="list-inline d-none d-sm-block">
              <li><span class="badge pass-bg log ">Pass</span></li>
              <li><span class='badge badge-default'>30:00:000</span></li>
              <li></li>
            </ul>
          </div>
          <div class="card-title">
            <a class="node " id="20"><span>test_updateUserByName</span></a>
            <div class="node-attr">
            </div>
          </div>
        </div>
      </div>
  </div>
</div>
          </div>
        </li>
        <li class="test-item"  status="skip" test-id="17"
          author=""
          tag=""
          device="">
          <div class="test-detail">
            <p class="name">api.tests.DDTests - 4. test_DDT_deleteUsers</p>
            <p class="text-sm">
              <span>9:50:17 pm</span> / <span>00:00:01:332</span>
              <span class="badge skip-bg log float-right">Skip</span>
            </p>
          </div>
          <div class="test-contents d-none">
<div class="detail-head">
<div class="p-v-10">
<div class="info">
<h5 class="test-status text-skip">api.tests.DDTests - 4. test_DDT_deleteUsers</h5>
<span class='badge badge-success'>07.05.2025 9:50:17 pm</span>
<span class='badge badge-danger'>07.05.2025 9:50:19 pm</span>
<span class='badge badge-default'>00:00:01:332</span>
&middot; <span class='uri-anchor badge badge-default'>#test-id=17</span>
<span title='Skip to the next failed step' class='badge badge-danger pointer float-right ne ml-1'><i class="fa fa-fast-forward"></i></span>
<span title='Collapse all nodes' class='badge badge-default pointer float-right ct ml-1'><i class="fa fa-compress"></i></span>
<span title='Expand all nodes' class='badge badge-default pointer float-right et'><i class="fa fa-expand"></i></span>
</div>
<div class="m-t-10 m-l-5"></div>
</div>
</div><div class="detail-body mt-4">
<table class="table table-sm">
  <thead><tr><th class="status-col">Status</th><th class="timestamp-col">Timestamp</th><th class="details-col">Details</th></tr></thead>
  <tbody>
      <tr class="event-row">
        <td><span class="badge log info-bg">Info</span></td>
        <td>9:50:17 pm</td>
        <td>
          test_DDT_deleteUsers started executing.
        </td>
      </tr>
      <tr class="event-row">
        <td><span class="badge log info-bg">Info</span></td>
        <td>9:50:19 pm</td>
        <td>
          <textarea readonly class="code-block">java.lang.AssertionError: expected [200] but found [404]
	at org.testng.Assert.fail(Assert.java:111)
	at org.testng.Assert.failNotEquals(Assert.java:1590)
	at org.testng.Assert.assertEqualsImpl(Assert.java:150)
	at org.testng.Assert.assertEquals(Assert.java:132)
	at org.testng.Assert.assertEquals(Assert.java:1431)
	at org.testng.Assert.assertEquals(Assert.java:1395)
	at org.testng.Assert.assertEquals(Assert.java:1441)
	at api.tests.DDTests.test_DDT_deleteUsers(DDTests.java:42)
	at java.base/jdk.internal.reflect.DirectMethodHandleAccessor.invoke(DirectMethodHandleAccessor.java:103)
	at java.base/java.lang.reflect.Method.invoke(Method.java:580)
	at org.testng.internal.invokers.MethodInvocationHelper.invokeMethod(MethodInvocationHelper.java:141)
	at org.testng.internal.invokers.TestInvoker.invokeMethod(TestInvoker.java:687)
	at org.testng.internal.invokers.TestInvoker.invokeTestMethod(TestInvoker.java:230)
	at org.testng.internal.invokers.MethodRunner.runInSequence(MethodRunner.java:63)
	at org.testng.internal.invokers.TestInvoker$MethodInvocationAgent.invoke(TestInvoker.java:995)
	at org.testng.internal.invokers.TestInvoker.invokeTestMethods(TestInvoker.java:203)
	at org.testng.internal.invokers.TestMethodWorker.invokeTestMethods(TestMethodWorker.java:154)
	at org.testng.internal.invokers.TestMethodWorker.run(TestMethodWorker.java:134)
	at java.base/java.util.concurrent.Executors$RunnableAdapter.call(Executors.java:572)
	at java.base/java.util.concurrent.FutureTask.run(FutureTask.java:317)
	at org.testng.internal.thread.graph.TestNGFutureTask.run(TestNGFutureTask.java:22)
	at java.base/java.util.concurrent.ThreadPoolExecutor.runWorker(ThreadPoolExecutor.java:1144)
	at java.base/java.util.concurrent.ThreadPoolExecutor$Worker.run(ThreadPoolExecutor.java:642)
	at java.base/java.lang.Thread.run(Thread.java:1583)
</textarea>
          
        </td>
      </tr>
      <tr class="event-row">
        <td><span class="badge log skip-bg">Skip</span></td>
        <td>9:50:19 pm</td>
        <td>
          test_DDT_deleteUsers got skipped.
        </td>
      </tr>
  </tbody>
</table>
</div>
  <div class="mt-4">  <div class="accordion" role="tablist">
      <div class="card">
        <div class="card-header">
          <div class="card-toolbar node-info">
            <ul class="list-inline d-none d-sm-block">
              <li><span class="badge pass-bg log ">Pass</span></li>
              <li><span class='badge badge-default'>30:00:000</span></li>
              <li></li>
            </ul>
          </div>
          <div class="card-title">
            <a class="node " id="22"><span>test_DDT_deleteUsers</span></a>
            <div class="node-attr">
            </div>
          </div>
        </div>
      </div>
  </div>
</div>
          </div>
        </li>
        <li class="test-item"  status="fail" test-id="19"
          author=""
          tag=""
          device="">
          <div class="test-detail">
            <p class="name">api.tests.UserTests - 3. test_updateUserByName</p>
            <p class="text-sm">
              <span>9:50:18 pm</span> / <span>00:00:01:574</span>
              <span class="badge fail-bg log float-right">Fail</span>
            </p>
          </div>
          <div class="test-contents d-none">
<div class="detail-head">
<div class="p-v-10">
<div class="info">
<h5 class="test-status text-fail">api.tests.UserTests - 3. test_updateUserByName</h5>
<span class='badge badge-success'>07.05.2025 9:50:18 pm</span>
<span class='badge badge-danger'>07.05.2025 9:50:20 pm</span>
<span class='badge badge-default'>00:00:01:574</span>
&middot; <span class='uri-anchor badge badge-default'>#test-id=19</span>
<span title='Skip to the next failed step' class='badge badge-danger pointer float-right ne ml-1'><i class="fa fa-fast-forward"></i></span>
<span title='Collapse all nodes' class='badge badge-default pointer float-right ct ml-1'><i class="fa fa-compress"></i></span>
<span title='Expand all nodes' class='badge badge-default pointer float-right et'><i class="fa fa-expand"></i></span>
</div>
<div class="m-t-10 m-l-5"></div>
</div>
</div><div class="detail-body mt-4">
<table class="table table-sm">
  <thead><tr><th class="status-col">Status</th><th class="timestamp-col">Timestamp</th><th class="details-col">Details</th></tr></thead>
  <tbody>
      <tr class="event-row">
        <td><span class="badge log info-bg">Info</span></td>
        <td>9:50:18 pm</td>
        <td>
          test_updateUserByName started executing.
        </td>
      </tr>
      <tr class="event-row">
        <td><span class="badge log info-bg">Info</span></td>
        <td>9:50:18 pm</td>
        <td>
          Test for updating user started
        </td>
      </tr>
      <tr class="event-row">
        <td><span class="badge log fail-bg">Fail</span></td>
        <td>9:50:20 pm</td>
        <td>
          Unexpected exception: java.io.FileNotFoundException: C:\Users\ubaidullah.bawa\eclipse-workspace\PetStoreAutomation\test-data\putUserSchema.json (The system cannot find the path specified)
        </td>
      </tr>
      <tr class="event-row">
        <td><span class="badge log info-bg">Info</span></td>
        <td>9:50:20 pm</td>
        <td>
          Test finished
        </td>
      </tr>
      <tr class="event-row">
        <td><span class="badge log info-bg">Info</span></td>
        <td>9:50:20 pm</td>
        <td>
          <textarea readonly class="code-block">io.restassured.module.jsv.JsonSchemaValidationException: java.io.FileNotFoundException: C:\Users\ubaidullah.bawa\eclipse-workspace\PetStoreAutomation\test-data\putUserSchema.json (The system cannot find the path specified)
	at io.restassured.module.jsv.JsonSchemaValidator$JsonSchemaValidatorFactory.create(JsonSchemaValidator.java:286)
	at io.restassured.module.jsv.JsonSchemaValidator.matchesJsonSchema(JsonSchemaValidator.java:157)
	at api.tests.UserTests.test_updateUserByName(UserTests.java:192)
	at java.base/jdk.internal.reflect.DirectMethodHandleAccessor.invoke(DirectMethodHandleAccessor.java:103)
	at java.base/java.lang.reflect.Method.invoke(Method.java:580)
	at org.testng.internal.invokers.MethodInvocationHelper.invokeMethod(MethodInvocationHelper.java:141)
	at org.testng.internal.invokers.TestInvoker.invokeMethod(TestInvoker.java:687)
	at org.testng.internal.invokers.TestInvoker.invokeTestMethod(TestInvoker.java:230)
	at org.testng.internal.invokers.MethodRunner.runInSequence(MethodRunner.java:63)
	at org.testng.internal.invokers.TestInvoker$MethodInvocationAgent.invoke(TestInvoker.java:995)
	at org.testng.internal.invokers.TestInvoker.invokeTestMethods(TestInvoker.java:203)
	at org.testng.internal.invokers.TestMethodWorker.invokeTestMethods(TestMethodWorker.java:154)
	at org.testng.internal.invokers.TestMethodWorker.run(TestMethodWorker.java:134)
	at java.base/java.util.concurrent.Executors$RunnableAdapter.call(Executors.java:572)
	at java.base/java.util.concurrent.FutureTask.run(FutureTask.java:317)
	at org.testng.internal.thread.graph.TestNGFutureTask.run(TestNGFutureTask.java:22)
	at java.base/java.util.concurrent.ThreadPoolExecutor.runWorker(ThreadPoolExecutor.java:1144)
	at java.base/java.util.concurrent.ThreadPoolExecutor$Worker.run(ThreadPoolExecutor.java:642)
	at java.base/java.lang.Thread.run(Thread.java:1583)
Caused by: java.io.FileNotFoundException: C:\Users\ubaidullah.bawa\eclipse-workspace\PetStoreAutomation\test-data\putUserSchema.json (The system cannot find the path specified)
	at java.base/java.io.FileInputStream.open0(Native Method)
	at java.base/java.io.FileInputStream.open(FileInputStream.java:213)
	at java.base/java.io.FileInputStream.<init>(FileInputStream.java:152)
	at com.github.fge.jackson.JsonLoader.fromFile(JsonLoader.java:165)
	at io.restassured.module.jsv.JsonSchemaValidator$3.createSchemaInstance(JsonSchemaValidator.java:155)
	at io.restassured.module.jsv.JsonSchemaValidator$3.createSchemaInstance(JsonSchemaValidator.java:152)
	at io.restassured.module.jsv.JsonSchemaValidator$JsonSchemaValidatorFactory.create(JsonSchemaValidator.java:284)
	... 18 more
</textarea>
          
        </td>
      </tr>
      <tr class="event-row">
        <td><span class="badge log skip-bg">Skip</span></td>
        <td>9:50:20 pm</td>
        <td>
          test_updateUserByName got skipped.
        </td>
      </tr>
  </tbody>
</table>
</div>
  <div class="mt-4">  <div class="accordion" role="tablist">
      <div class="card">
        <div class="card-header">
          <div class="card-toolbar node-info">
            <ul class="list-inline d-none d-sm-block">
              <li><span class="badge pass-bg log ">Pass</span></li>
              <li><span class='badge badge-default'>30:00:000</span></li>
              <li></li>
            </ul>
          </div>
          <div class="card-title">
            <a class="node " id="24"><span>test_updateUserByName</span></a>
            <div class="node-attr">
            </div>
          </div>
        </div>
      </div>
  </div>
</div>
          </div>
        </li>
        <li class="test-item"  status="fail" test-id="21"
          author=""
          tag=""
          device="">
          <div class="test-detail">
            <p class="name">api.tests.UserTests2 - 3. test_updateUserByName</p>
            <p class="text-sm">
              <span>9:50:18 pm</span> / <span>00:00:01:502</span>
              <span class="badge fail-bg log float-right">Fail</span>
            </p>
          </div>
          <div class="test-contents d-none">
<div class="detail-head">
<div class="p-v-10">
<div class="info">
<h5 class="test-status text-fail">api.tests.UserTests2 - 3. test_updateUserByName</h5>
<span class='badge badge-success'>07.05.2025 9:50:18 pm</span>
<span class='badge badge-danger'>07.05.2025 9:50:20 pm</span>
<span class='badge badge-default'>00:00:01:502</span>
&middot; <span class='uri-anchor badge badge-default'>#test-id=21</span>
<span title='Skip to the next failed step' class='badge badge-danger pointer float-right ne ml-1'><i class="fa fa-fast-forward"></i></span>
<span title='Collapse all nodes' class='badge badge-default pointer float-right ct ml-1'><i class="fa fa-compress"></i></span>
<span title='Expand all nodes' class='badge badge-default pointer float-right et'><i class="fa fa-expand"></i></span>
</div>
<div class="m-t-10 m-l-5"></div>
</div>
</div><div class="detail-body mt-4">
<table class="table table-sm">
  <thead><tr><th class="status-col">Status</th><th class="timestamp-col">Timestamp</th><th class="details-col">Details</th></tr></thead>
  <tbody>
      <tr class="event-row">
        <td><span class="badge log info-bg">Info</span></td>
        <td>9:50:18 pm</td>
        <td>
          test_updateUserByName started executing.
        </td>
      </tr>
      <tr class="event-row">
        <td><span class="badge log info-bg">Info</span></td>
        <td>9:50:18 pm</td>
        <td>
          Test for updating user started
        </td>
      </tr>
      <tr class="event-row">
        <td><span class="badge log fail-bg">Fail</span></td>
        <td>9:50:20 pm</td>
        <td>
          Unexpected exception: java.io.FileNotFoundException: C:\Users\ubaidullah.bawa\eclipse-workspace\PetStoreAutomation\test-data\putUserSchema.json (The system cannot find the path specified)
        </td>
      </tr>
      <tr class="event-row">
        <td><span class="badge log info-bg">Info</span></td>
        <td>9:50:20 pm</td>
        <td>
          Test finished
        </td>
      </tr>
      <tr class="event-row">
        <td><span class="badge log info-bg">Info</span></td>
        <td>9:50:20 pm</td>
        <td>
          <textarea readonly class="code-block">io.restassured.module.jsv.JsonSchemaValidationException: java.io.FileNotFoundException: C:\Users\ubaidullah.bawa\eclipse-workspace\PetStoreAutomation\test-data\putUserSchema.json (The system cannot find the path specified)
	at io.restassured.module.jsv.JsonSchemaValidator$JsonSchemaValidatorFactory.create(JsonSchemaValidator.java:286)
	at io.restassured.module.jsv.JsonSchemaValidator.matchesJsonSchema(JsonSchemaValidator.java:157)
	at api.tests.UserTests2.test_updateUserByName(UserTests2.java:195)
	at java.base/jdk.internal.reflect.DirectMethodHandleAccessor.invoke(DirectMethodHandleAccessor.java:103)
	at java.base/java.lang.reflect.Method.invoke(Method.java:580)
	at org.testng.internal.invokers.MethodInvocationHelper.invokeMethod(MethodInvocationHelper.java:141)
	at org.testng.internal.invokers.TestInvoker.invokeMethod(TestInvoker.java:687)
	at org.testng.internal.invokers.TestInvoker.retryFailed(TestInvoker.java:269)
	at org.testng.internal.invokers.MethodRunner.runInSequence(MethodRunner.java:76)
	at org.testng.internal.invokers.TestInvoker$MethodInvocationAgent.invoke(TestInvoker.java:995)
	at org.testng.internal.invokers.TestInvoker.invokeTestMethods(TestInvoker.java:203)
	at org.testng.internal.invokers.TestMethodWorker.invokeTestMethods(TestMethodWorker.java:154)
	at org.testng.internal.invokers.TestMethodWorker.run(TestMethodWorker.java:134)
	at java.base/java.util.concurrent.Executors$RunnableAdapter.call(Executors.java:572)
	at java.base/java.util.concurrent.FutureTask.run(FutureTask.java:317)
	at org.testng.internal.thread.graph.TestNGFutureTask.run(TestNGFutureTask.java:22)
	at java.base/java.util.concurrent.ThreadPoolExecutor.runWorker(ThreadPoolExecutor.java:1144)
	at java.base/java.util.concurrent.ThreadPoolExecutor$Worker.run(ThreadPoolExecutor.java:642)
	at java.base/java.lang.Thread.run(Thread.java:1583)
Caused by: java.io.FileNotFoundException: C:\Users\ubaidullah.bawa\eclipse-workspace\PetStoreAutomation\test-data\putUserSchema.json (The system cannot find the path specified)
	at java.base/java.io.FileInputStream.open0(Native Method)
	at java.base/java.io.FileInputStream.open(FileInputStream.java:213)
	at java.base/java.io.FileInputStream.<init>(FileInputStream.java:152)
	at com.github.fge.jackson.JsonLoader.fromFile(JsonLoader.java:165)
	at io.restassured.module.jsv.JsonSchemaValidator$3.createSchemaInstance(JsonSchemaValidator.java:155)
	at io.restassured.module.jsv.JsonSchemaValidator$3.createSchemaInstance(JsonSchemaValidator.java:152)
	at io.restassured.module.jsv.JsonSchemaValidator$JsonSchemaValidatorFactory.create(JsonSchemaValidator.java:284)
	... 18 more
</textarea>
          
        </td>
      </tr>
      <tr class="event-row">
        <td><span class="badge log skip-bg">Skip</span></td>
        <td>9:50:20 pm</td>
        <td>
          test_updateUserByName got skipped.
        </td>
      </tr>
  </tbody>
</table>
</div>
  <div class="mt-4">  <div class="accordion" role="tablist">
      <div class="card">
        <div class="card-header">
          <div class="card-toolbar node-info">
            <ul class="list-inline d-none d-sm-block">
              <li><span class="badge pass-bg log ">Pass</span></li>
              <li><span class='badge badge-default'>30:00:000</span></li>
              <li></li>
            </ul>
          </div>
          <div class="card-title">
            <a class="node " id="25"><span>test_updateUserByName</span></a>
            <div class="node-attr">
            </div>
          </div>
        </div>
      </div>
  </div>
</div>
          </div>
        </li>
        <li class="test-item"  status="skip" test-id="23"
          author=""
          tag=""
          device="">
          <div class="test-detail">
            <p class="name">api.tests.DDTests - 4. test_DDT_deleteUsers</p>
            <p class="text-sm">
              <span>9:50:19 pm</span> / <span>00:00:01:345</span>
              <span class="badge skip-bg log float-right">Skip</span>
            </p>
          </div>
          <div class="test-contents d-none">
<div class="detail-head">
<div class="p-v-10">
<div class="info">
<h5 class="test-status text-skip">api.tests.DDTests - 4. test_DDT_deleteUsers</h5>
<span class='badge badge-success'>07.05.2025 9:50:19 pm</span>
<span class='badge badge-danger'>07.05.2025 9:50:20 pm</span>
<span class='badge badge-default'>00:00:01:345</span>
&middot; <span class='uri-anchor badge badge-default'>#test-id=23</span>
<span title='Skip to the next failed step' class='badge badge-danger pointer float-right ne ml-1'><i class="fa fa-fast-forward"></i></span>
<span title='Collapse all nodes' class='badge badge-default pointer float-right ct ml-1'><i class="fa fa-compress"></i></span>
<span title='Expand all nodes' class='badge badge-default pointer float-right et'><i class="fa fa-expand"></i></span>
</div>
<div class="m-t-10 m-l-5"></div>
</div>
</div><div class="detail-body mt-4">
<table class="table table-sm">
  <thead><tr><th class="status-col">Status</th><th class="timestamp-col">Timestamp</th><th class="details-col">Details</th></tr></thead>
  <tbody>
      <tr class="event-row">
        <td><span class="badge log info-bg">Info</span></td>
        <td>9:50:19 pm</td>
        <td>
          test_DDT_deleteUsers started executing.
        </td>
      </tr>
      <tr class="event-row">
        <td><span class="badge log info-bg">Info</span></td>
        <td>9:50:20 pm</td>
        <td>
          <textarea readonly class="code-block">java.lang.AssertionError: expected [200] but found [404]
	at org.testng.Assert.fail(Assert.java:111)
	at org.testng.Assert.failNotEquals(Assert.java:1590)
	at org.testng.Assert.assertEqualsImpl(Assert.java:150)
	at org.testng.Assert.assertEquals(Assert.java:132)
	at org.testng.Assert.assertEquals(Assert.java:1431)
	at org.testng.Assert.assertEquals(Assert.java:1395)
	at org.testng.Assert.assertEquals(Assert.java:1441)
	at api.tests.DDTests.test_DDT_deleteUsers(DDTests.java:42)
	at java.base/jdk.internal.reflect.DirectMethodHandleAccessor.invoke(DirectMethodHandleAccessor.java:103)
	at java.base/java.lang.reflect.Method.invoke(Method.java:580)
	at org.testng.internal.invokers.MethodInvocationHelper.invokeMethod(MethodInvocationHelper.java:141)
	at org.testng.internal.invokers.TestInvoker.invokeMethod(TestInvoker.java:687)
	at org.testng.internal.invokers.TestInvoker.retryFailed(TestInvoker.java:269)
	at org.testng.internal.invokers.MethodRunner.runInSequence(MethodRunner.java:76)
	at org.testng.internal.invokers.TestInvoker$MethodInvocationAgent.invoke(TestInvoker.java:995)
	at org.testng.internal.invokers.TestInvoker.invokeTestMethods(TestInvoker.java:203)
	at org.testng.internal.invokers.TestMethodWorker.invokeTestMethods(TestMethodWorker.java:154)
	at org.testng.internal.invokers.TestMethodWorker.run(TestMethodWorker.java:134)
	at java.base/java.util.concurrent.Executors$RunnableAdapter.call(Executors.java:572)
	at java.base/java.util.concurrent.FutureTask.run(FutureTask.java:317)
	at org.testng.internal.thread.graph.TestNGFutureTask.run(TestNGFutureTask.java:22)
	at java.base/java.util.concurrent.ThreadPoolExecutor.runWorker(ThreadPoolExecutor.java:1144)
	at java.base/java.util.concurrent.ThreadPoolExecutor$Worker.run(ThreadPoolExecutor.java:642)
	at java.base/java.lang.Thread.run(Thread.java:1583)
</textarea>
          
        </td>
      </tr>
      <tr class="event-row">
        <td><span class="badge log skip-bg">Skip</span></td>
        <td>9:50:20 pm</td>
        <td>
          test_DDT_deleteUsers got skipped.
        </td>
      </tr>
  </tbody>
</table>
</div>
  <div class="mt-4">  <div class="accordion" role="tablist">
      <div class="card">
        <div class="card-header">
          <div class="card-toolbar node-info">
            <ul class="list-inline d-none d-sm-block">
              <li><span class="badge pass-bg log ">Pass</span></li>
              <li><span class='badge badge-default'>30:00:000</span></li>
              <li></li>
            </ul>
          </div>
          <div class="card-title">
            <a class="node " id="28"><span>test_DDT_deleteUsers</span></a>
            <div class="node-attr">
            </div>
          </div>
        </div>
      </div>
  </div>
</div>
          </div>
        </li>
        <li class="test-item"  status="fail" test-id="26"
          author=""
          tag=""
          device="">
          <div class="test-detail">
            <p class="name">api.tests.UserTests - 3. test_updateUserByName</p>
            <p class="text-sm">
              <span>9:50:20 pm</span> / <span>00:00:01:227</span>
              <span class="badge fail-bg log float-right">Fail</span>
            </p>
          </div>
          <div class="test-contents d-none">
<div class="detail-head">
<div class="p-v-10">
<div class="info">
<h5 class="test-status text-fail">api.tests.UserTests - 3. test_updateUserByName</h5>
<span class='badge badge-success'>07.05.2025 9:50:20 pm</span>
<span class='badge badge-danger'>07.05.2025 9:50:21 pm</span>
<span class='badge badge-default'>00:00:01:227</span>
&middot; <span class='uri-anchor badge badge-default'>#test-id=26</span>
<span title='Skip to the next failed step' class='badge badge-danger pointer float-right ne ml-1'><i class="fa fa-fast-forward"></i></span>
<span title='Collapse all nodes' class='badge badge-default pointer float-right ct ml-1'><i class="fa fa-compress"></i></span>
<span title='Expand all nodes' class='badge badge-default pointer float-right et'><i class="fa fa-expand"></i></span>
</div>
<div class="m-t-10 m-l-5"></div>
</div>
</div><div class="detail-body mt-4">
<table class="table table-sm">
  <thead><tr><th class="status-col">Status</th><th class="timestamp-col">Timestamp</th><th class="details-col">Details</th></tr></thead>
  <tbody>
      <tr class="event-row">
        <td><span class="badge log info-bg">Info</span></td>
        <td>9:50:20 pm</td>
        <td>
          test_updateUserByName started executing.
        </td>
      </tr>
      <tr class="event-row">
        <td><span class="badge log info-bg">Info</span></td>
        <td>9:50:20 pm</td>
        <td>
          Test for updating user started
        </td>
      </tr>
      <tr class="event-row">
        <td><span class="badge log fail-bg">Fail</span></td>
        <td>9:50:21 pm</td>
        <td>
          Unexpected exception: java.io.FileNotFoundException: C:\Users\ubaidullah.bawa\eclipse-workspace\PetStoreAutomation\test-data\putUserSchema.json (The system cannot find the path specified)
        </td>
      </tr>
      <tr class="event-row">
        <td><span class="badge log info-bg">Info</span></td>
        <td>9:50:21 pm</td>
        <td>
          Test finished
        </td>
      </tr>
      <tr class="event-row">
        <td><span class="badge log info-bg">Info</span></td>
        <td>9:50:21 pm</td>
        <td>
          <textarea readonly class="code-block">io.restassured.module.jsv.JsonSchemaValidationException: java.io.FileNotFoundException: C:\Users\ubaidullah.bawa\eclipse-workspace\PetStoreAutomation\test-data\putUserSchema.json (The system cannot find the path specified)
	at io.restassured.module.jsv.JsonSchemaValidator$JsonSchemaValidatorFactory.create(JsonSchemaValidator.java:286)
	at io.restassured.module.jsv.JsonSchemaValidator.matchesJsonSchema(JsonSchemaValidator.java:157)
	at api.tests.UserTests.test_updateUserByName(UserTests.java:192)
	at java.base/jdk.internal.reflect.DirectMethodHandleAccessor.invoke(DirectMethodHandleAccessor.java:103)
	at java.base/java.lang.reflect.Method.invoke(Method.java:580)
	at org.testng.internal.invokers.MethodInvocationHelper.invokeMethod(MethodInvocationHelper.java:141)
	at org.testng.internal.invokers.TestInvoker.invokeMethod(TestInvoker.java:687)
	at org.testng.internal.invokers.TestInvoker.retryFailed(TestInvoker.java:269)
	at org.testng.internal.invokers.MethodRunner.runInSequence(MethodRunner.java:76)
	at org.testng.internal.invokers.TestInvoker$MethodInvocationAgent.invoke(TestInvoker.java:995)
	at org.testng.internal.invokers.TestInvoker.invokeTestMethods(TestInvoker.java:203)
	at org.testng.internal.invokers.TestMethodWorker.invokeTestMethods(TestMethodWorker.java:154)
	at org.testng.internal.invokers.TestMethodWorker.run(TestMethodWorker.java:134)
	at java.base/java.util.concurrent.Executors$RunnableAdapter.call(Executors.java:572)
	at java.base/java.util.concurrent.FutureTask.run(FutureTask.java:317)
	at org.testng.internal.thread.graph.TestNGFutureTask.run(TestNGFutureTask.java:22)
	at java.base/java.util.concurrent.ThreadPoolExecutor.runWorker(ThreadPoolExecutor.java:1144)
	at java.base/java.util.concurrent.ThreadPoolExecutor$Worker.run(ThreadPoolExecutor.java:642)
	at java.base/java.lang.Thread.run(Thread.java:1583)
Caused by: java.io.FileNotFoundException: C:\Users\ubaidullah.bawa\eclipse-workspace\PetStoreAutomation\test-data\putUserSchema.json (The system cannot find the path specified)
	at java.base/java.io.FileInputStream.open0(Native Method)
	at java.base/java.io.FileInputStream.open(FileInputStream.java:213)
	at java.base/java.io.FileInputStream.<init>(FileInputStream.java:152)
	at com.github.fge.jackson.JsonLoader.fromFile(JsonLoader.java:165)
	at io.restassured.module.jsv.JsonSchemaValidator$3.createSchemaInstance(JsonSchemaValidator.java:155)
	at io.restassured.module.jsv.JsonSchemaValidator$3.createSchemaInstance(JsonSchemaValidator.java:152)
	at io.restassured.module.jsv.JsonSchemaValidator$JsonSchemaValidatorFactory.create(JsonSchemaValidator.java:284)
	... 18 more
</textarea>
          
        </td>
      </tr>
      <tr class="event-row">
        <td><span class="badge log skip-bg">Skip</span></td>
        <td>9:50:21 pm</td>
        <td>
          test_updateUserByName got skipped.
        </td>
      </tr>
  </tbody>
</table>
</div>
  <div class="mt-4">  <div class="accordion" role="tablist">
      <div class="card">
        <div class="card-header">
          <div class="card-toolbar node-info">
            <ul class="list-inline d-none d-sm-block">
              <li><span class="badge pass-bg log ">Pass</span></li>
              <li><span class='badge badge-default'>30:00:000</span></li>
              <li></li>
            </ul>
          </div>
          <div class="card-title">
            <a class="node " id="30"><span>test_updateUserByName</span></a>
            <div class="node-attr">
            </div>
          </div>
        </div>
      </div>
  </div>
</div>
          </div>
        </li>
        <li class="test-item"  status="fail" test-id="27"
          author=""
          tag=""
          device="">
          <div class="test-detail">
            <p class="name">api.tests.UserTests2 - 3. test_updateUserByName</p>
            <p class="text-sm">
              <span>9:50:20 pm</span> / <span>00:00:01:227</span>
              <span class="badge fail-bg log float-right">Fail</span>
            </p>
          </div>
          <div class="test-contents d-none">
<div class="detail-head">
<div class="p-v-10">
<div class="info">
<h5 class="test-status text-fail">api.tests.UserTests2 - 3. test_updateUserByName</h5>
<span class='badge badge-success'>07.05.2025 9:50:20 pm</span>
<span class='badge badge-danger'>07.05.2025 9:50:21 pm</span>
<span class='badge badge-default'>00:00:01:227</span>
&middot; <span class='uri-anchor badge badge-default'>#test-id=27</span>
<span title='Skip to the next failed step' class='badge badge-danger pointer float-right ne ml-1'><i class="fa fa-fast-forward"></i></span>
<span title='Collapse all nodes' class='badge badge-default pointer float-right ct ml-1'><i class="fa fa-compress"></i></span>
<span title='Expand all nodes' class='badge badge-default pointer float-right et'><i class="fa fa-expand"></i></span>
</div>
<div class="m-t-10 m-l-5"></div>
</div>
</div><div class="detail-body mt-4">
<table class="table table-sm">
  <thead><tr><th class="status-col">Status</th><th class="timestamp-col">Timestamp</th><th class="details-col">Details</th></tr></thead>
  <tbody>
      <tr class="event-row">
        <td><span class="badge log info-bg">Info</span></td>
        <td>9:50:20 pm</td>
        <td>
          test_updateUserByName started executing.
        </td>
      </tr>
      <tr class="event-row">
        <td><span class="badge log info-bg">Info</span></td>
        <td>9:50:20 pm</td>
        <td>
          Test for updating user started
        </td>
      </tr>
      <tr class="event-row">
        <td><span class="badge log fail-bg">Fail</span></td>
        <td>9:50:21 pm</td>
        <td>
          Unexpected exception: java.io.FileNotFoundException: C:\Users\ubaidullah.bawa\eclipse-workspace\PetStoreAutomation\test-data\putUserSchema.json (The system cannot find the path specified)
        </td>
      </tr>
      <tr class="event-row">
        <td><span class="badge log info-bg">Info</span></td>
        <td>9:50:21 pm</td>
        <td>
          Test finished
        </td>
      </tr>
      <tr class="event-row">
        <td><span class="badge log info-bg">Info</span></td>
        <td>9:50:21 pm</td>
        <td>
          <textarea readonly class="code-block">io.restassured.module.jsv.JsonSchemaValidationException: java.io.FileNotFoundException: C:\Users\ubaidullah.bawa\eclipse-workspace\PetStoreAutomation\test-data\putUserSchema.json (The system cannot find the path specified)
	at io.restassured.module.jsv.JsonSchemaValidator$JsonSchemaValidatorFactory.create(JsonSchemaValidator.java:286)
	at io.restassured.module.jsv.JsonSchemaValidator.matchesJsonSchema(JsonSchemaValidator.java:157)
	at api.tests.UserTests2.test_updateUserByName(UserTests2.java:195)
	at java.base/jdk.internal.reflect.DirectMethodHandleAccessor.invoke(DirectMethodHandleAccessor.java:103)
	at java.base/java.lang.reflect.Method.invoke(Method.java:580)
	at org.testng.internal.invokers.MethodInvocationHelper.invokeMethod(MethodInvocationHelper.java:141)
	at org.testng.internal.invokers.TestInvoker.invokeMethod(TestInvoker.java:687)
	at org.testng.internal.invokers.TestInvoker.retryFailed(TestInvoker.java:269)
	at org.testng.internal.invokers.MethodRunner.runInSequence(MethodRunner.java:76)
	at org.testng.internal.invokers.TestInvoker$MethodInvocationAgent.invoke(TestInvoker.java:995)
	at org.testng.internal.invokers.TestInvoker.invokeTestMethods(TestInvoker.java:203)
	at org.testng.internal.invokers.TestMethodWorker.invokeTestMethods(TestMethodWorker.java:154)
	at org.testng.internal.invokers.TestMethodWorker.run(TestMethodWorker.java:134)
	at java.base/java.util.concurrent.Executors$RunnableAdapter.call(Executors.java:572)
	at java.base/java.util.concurrent.FutureTask.run(FutureTask.java:317)
	at org.testng.internal.thread.graph.TestNGFutureTask.run(TestNGFutureTask.java:22)
	at java.base/java.util.concurrent.ThreadPoolExecutor.runWorker(ThreadPoolExecutor.java:1144)
	at java.base/java.util.concurrent.ThreadPoolExecutor$Worker.run(ThreadPoolExecutor.java:642)
	at java.base/java.lang.Thread.run(Thread.java:1583)
Caused by: java.io.FileNotFoundException: C:\Users\ubaidullah.bawa\eclipse-workspace\PetStoreAutomation\test-data\putUserSchema.json (The system cannot find the path specified)
	at java.base/java.io.FileInputStream.open0(Native Method)
	at java.base/java.io.FileInputStream.open(FileInputStream.java:213)
	at java.base/java.io.FileInputStream.<init>(FileInputStream.java:152)
	at com.github.fge.jackson.JsonLoader.fromFile(JsonLoader.java:165)
	at io.restassured.module.jsv.JsonSchemaValidator$3.createSchemaInstance(JsonSchemaValidator.java:155)
	at io.restassured.module.jsv.JsonSchemaValidator$3.createSchemaInstance(JsonSchemaValidator.java:152)
	at io.restassured.module.jsv.JsonSchemaValidator$JsonSchemaValidatorFactory.create(JsonSchemaValidator.java:284)
	... 18 more
</textarea>
          
        </td>
      </tr>
      <tr class="event-row">
        <td><span class="badge log skip-bg">Skip</span></td>
        <td>9:50:21 pm</td>
        <td>
          test_updateUserByName got skipped.
        </td>
      </tr>
  </tbody>
</table>
</div>
  <div class="mt-4">  <div class="accordion" role="tablist">
      <div class="card">
        <div class="card-header">
          <div class="card-toolbar node-info">
            <ul class="list-inline d-none d-sm-block">
              <li><span class="badge pass-bg log ">Pass</span></li>
              <li><span class='badge badge-default'>30:00:000</span></li>
              <li></li>
            </ul>
          </div>
          <div class="card-title">
            <a class="node " id="31"><span>test_updateUserByName</span></a>
            <div class="node-attr">
            </div>
          </div>
        </div>
      </div>
  </div>
</div>
          </div>
        </li>
        <li class="test-item"  status="pass" test-id="29"
          author=""
          tag=""
          device="">
          <div class="test-detail">
            <p class="name">api.tests.DDTests - 4. test_DDT_deleteUsers</p>
            <p class="text-sm">
              <span>9:50:20 pm</span> / <span>00:00:01:416</span>
              <span class="badge pass-bg log float-right">Pass</span>
            </p>
          </div>
          <div class="test-contents d-none">
<div class="detail-head">
<div class="p-v-10">
<div class="info">
<h5 class="test-status text-pass">api.tests.DDTests - 4. test_DDT_deleteUsers</h5>
<span class='badge badge-success'>07.05.2025 9:50:20 pm</span>
<span class='badge badge-danger'>07.05.2025 9:50:21 pm</span>
<span class='badge badge-default'>00:00:01:416</span>
&middot; <span class='uri-anchor badge badge-default'>#test-id=29</span>
<span title='Skip to the next failed step' class='badge badge-danger pointer float-right ne ml-1'><i class="fa fa-fast-forward"></i></span>
<span title='Collapse all nodes' class='badge badge-default pointer float-right ct ml-1'><i class="fa fa-compress"></i></span>
<span title='Expand all nodes' class='badge badge-default pointer float-right et'><i class="fa fa-expand"></i></span>
</div>
<div class="m-t-10 m-l-5"></div>
</div>
</div><div class="detail-body mt-4">
<table class="table table-sm">
  <thead><tr><th class="status-col">Status</th><th class="timestamp-col">Timestamp</th><th class="details-col">Details</th></tr></thead>
  <tbody>
      <tr class="event-row">
        <td><span class="badge log info-bg">Info</span></td>
        <td>9:50:20 pm</td>
        <td>
          test_DDT_deleteUsers started executing.
        </td>
      </tr>
      <tr class="event-row">
        <td><span class="badge log pass-bg">Pass</span></td>
        <td>9:50:21 pm</td>
        <td>
          test_DDT_deleteUsers got successfully executed.
        </td>
      </tr>
  </tbody>
</table>
</div>
  <div class="mt-4">  <div class="accordion" role="tablist">
      <div class="card">
        <div class="card-header">
          <div class="card-toolbar node-info">
            <ul class="list-inline d-none d-sm-block">
              <li><span class="badge pass-bg log ">Pass</span></li>
              <li><span class='badge badge-default'>30:00:000</span></li>
              <li></li>
            </ul>
          </div>
          <div class="card-title">
            <a class="node " id="34"><span>test_DDT_deleteUsers</span></a>
            <div class="node-attr">
            </div>
          </div>
        </div>
      </div>
  </div>
</div>
          </div>
        </li>
        <li class="test-item"  status="fail" test-id="32"
          author=""
          tag=""
          device="">
          <div class="test-detail">
            <p class="name">api.tests.UserTests - 3. test_updateUserByName</p>
            <p class="text-sm">
              <span>9:50:21 pm</span> / <span>00:00:01:536</span>
              <span class="badge fail-bg log float-right">Fail</span>
            </p>
          </div>
          <div class="test-contents d-none">
<div class="detail-head">
<div class="p-v-10">
<div class="info">
<h5 class="test-status text-fail">api.tests.UserTests - 3. test_updateUserByName</h5>
<span class='badge badge-success'>07.05.2025 9:50:21 pm</span>
<span class='badge badge-danger'>07.05.2025 9:50:22 pm</span>
<span class='badge badge-default'>00:00:01:536</span>
&middot; <span class='uri-anchor badge badge-default'>#test-id=32</span>
<span title='Skip to the next failed step' class='badge badge-danger pointer float-right ne ml-1'><i class="fa fa-fast-forward"></i></span>
<span title='Collapse all nodes' class='badge badge-default pointer float-right ct ml-1'><i class="fa fa-compress"></i></span>
<span title='Expand all nodes' class='badge badge-default pointer float-right et'><i class="fa fa-expand"></i></span>
</div>
<div class="m-t-10 m-l-5"></div>
</div>
</div><div class="detail-body mt-4">
<table class="table table-sm">
  <thead><tr><th class="status-col">Status</th><th class="timestamp-col">Timestamp</th><th class="details-col">Details</th></tr></thead>
  <tbody>
      <tr class="event-row">
        <td><span class="badge log info-bg">Info</span></td>
        <td>9:50:21 pm</td>
        <td>
          test_updateUserByName started executing.
        </td>
      </tr>
      <tr class="event-row">
        <td><span class="badge log info-bg">Info</span></td>
        <td>9:50:21 pm</td>
        <td>
          Test for updating user started
        </td>
      </tr>
      <tr class="event-row">
        <td><span class="badge log fail-bg">Fail</span></td>
        <td>9:50:22 pm</td>
        <td>
          Unexpected exception: java.io.FileNotFoundException: C:\Users\ubaidullah.bawa\eclipse-workspace\PetStoreAutomation\test-data\putUserSchema.json (The system cannot find the path specified)
        </td>
      </tr>
      <tr class="event-row">
        <td><span class="badge log info-bg">Info</span></td>
        <td>9:50:22 pm</td>
        <td>
          Test finished
        </td>
      </tr>
      <tr class="event-row">
        <td><span class="badge log info-bg">Info</span></td>
        <td>9:50:22 pm</td>
        <td>
          <textarea readonly class="code-block">io.restassured.module.jsv.JsonSchemaValidationException: java.io.FileNotFoundException: C:\Users\ubaidullah.bawa\eclipse-workspace\PetStoreAutomation\test-data\putUserSchema.json (The system cannot find the path specified)
	at io.restassured.module.jsv.JsonSchemaValidator$JsonSchemaValidatorFactory.create(JsonSchemaValidator.java:286)
	at io.restassured.module.jsv.JsonSchemaValidator.matchesJsonSchema(JsonSchemaValidator.java:157)
	at api.tests.UserTests.test_updateUserByName(UserTests.java:192)
	at java.base/jdk.internal.reflect.DirectMethodHandleAccessor.invoke(DirectMethodHandleAccessor.java:103)
	at java.base/java.lang.reflect.Method.invoke(Method.java:580)
	at org.testng.internal.invokers.MethodInvocationHelper.invokeMethod(MethodInvocationHelper.java:141)
	at org.testng.internal.invokers.TestInvoker.invokeMethod(TestInvoker.java:687)
	at org.testng.internal.invokers.TestInvoker.retryFailed(TestInvoker.java:269)
	at org.testng.internal.invokers.MethodRunner.runInSequence(MethodRunner.java:76)
	at org.testng.internal.invokers.TestInvoker$MethodInvocationAgent.invoke(TestInvoker.java:995)
	at org.testng.internal.invokers.TestInvoker.invokeTestMethods(TestInvoker.java:203)
	at org.testng.internal.invokers.TestMethodWorker.invokeTestMethods(TestMethodWorker.java:154)
	at org.testng.internal.invokers.TestMethodWorker.run(TestMethodWorker.java:134)
	at java.base/java.util.concurrent.Executors$RunnableAdapter.call(Executors.java:572)
	at java.base/java.util.concurrent.FutureTask.run(FutureTask.java:317)
	at org.testng.internal.thread.graph.TestNGFutureTask.run(TestNGFutureTask.java:22)
	at java.base/java.util.concurrent.ThreadPoolExecutor.runWorker(ThreadPoolExecutor.java:1144)
	at java.base/java.util.concurrent.ThreadPoolExecutor$Worker.run(ThreadPoolExecutor.java:642)
	at java.base/java.lang.Thread.run(Thread.java:1583)
Caused by: java.io.FileNotFoundException: C:\Users\ubaidullah.bawa\eclipse-workspace\PetStoreAutomation\test-data\putUserSchema.json (The system cannot find the path specified)
	at java.base/java.io.FileInputStream.open0(Native Method)
	at java.base/java.io.FileInputStream.open(FileInputStream.java:213)
	at java.base/java.io.FileInputStream.<init>(FileInputStream.java:152)
	at com.github.fge.jackson.JsonLoader.fromFile(JsonLoader.java:165)
	at io.restassured.module.jsv.JsonSchemaValidator$3.createSchemaInstance(JsonSchemaValidator.java:155)
	at io.restassured.module.jsv.JsonSchemaValidator$3.createSchemaInstance(JsonSchemaValidator.java:152)
	at io.restassured.module.jsv.JsonSchemaValidator$JsonSchemaValidatorFactory.create(JsonSchemaValidator.java:284)
	... 18 more
</textarea>
          
        </td>
      </tr>
      <tr class="event-row">
        <td><span class="badge log skip-bg">Skip</span></td>
        <td>9:50:22 pm</td>
        <td>
          test_updateUserByName got skipped.
        </td>
      </tr>
  </tbody>
</table>
</div>
  <div class="mt-4">  <div class="accordion" role="tablist">
      <div class="card">
        <div class="card-header">
          <div class="card-toolbar node-info">
            <ul class="list-inline d-none d-sm-block">
              <li><span class="badge pass-bg log ">Pass</span></li>
              <li><span class='badge badge-default'>30:00:000</span></li>
              <li></li>
            </ul>
          </div>
          <div class="card-title">
            <a class="node " id="36"><span>test_updateUserByName</span></a>
            <div class="node-attr">
            </div>
          </div>
        </div>
      </div>
  </div>
</div>
          </div>
        </li>
        <li class="test-item"  status="fail" test-id="33"
          author=""
          tag=""
          device="">
          <div class="test-detail">
            <p class="name">api.tests.UserTests2 - 3. test_updateUserByName</p>
            <p class="text-sm">
              <span>9:50:21 pm</span> / <span>00:00:01:535</span>
              <span class="badge fail-bg log float-right">Fail</span>
            </p>
          </div>
          <div class="test-contents d-none">
<div class="detail-head">
<div class="p-v-10">
<div class="info">
<h5 class="test-status text-fail">api.tests.UserTests2 - 3. test_updateUserByName</h5>
<span class='badge badge-success'>07.05.2025 9:50:21 pm</span>
<span class='badge badge-danger'>07.05.2025 9:50:22 pm</span>
<span class='badge badge-default'>00:00:01:535</span>
&middot; <span class='uri-anchor badge badge-default'>#test-id=33</span>
<span title='Skip to the next failed step' class='badge badge-danger pointer float-right ne ml-1'><i class="fa fa-fast-forward"></i></span>
<span title='Collapse all nodes' class='badge badge-default pointer float-right ct ml-1'><i class="fa fa-compress"></i></span>
<span title='Expand all nodes' class='badge badge-default pointer float-right et'><i class="fa fa-expand"></i></span>
</div>
<div class="m-t-10 m-l-5"></div>
</div>
</div><div class="detail-body mt-4">
<table class="table table-sm">
  <thead><tr><th class="status-col">Status</th><th class="timestamp-col">Timestamp</th><th class="details-col">Details</th></tr></thead>
  <tbody>
      <tr class="event-row">
        <td><span class="badge log info-bg">Info</span></td>
        <td>9:50:21 pm</td>
        <td>
          test_updateUserByName started executing.
        </td>
      </tr>
      <tr class="event-row">
        <td><span class="badge log info-bg">Info</span></td>
        <td>9:50:21 pm</td>
        <td>
          Test for updating user started
        </td>
      </tr>
      <tr class="event-row">
        <td><span class="badge log fail-bg">Fail</span></td>
        <td>9:50:22 pm</td>
        <td>
          Unexpected exception: java.io.FileNotFoundException: C:\Users\ubaidullah.bawa\eclipse-workspace\PetStoreAutomation\test-data\putUserSchema.json (The system cannot find the path specified)
        </td>
      </tr>
      <tr class="event-row">
        <td><span class="badge log info-bg">Info</span></td>
        <td>9:50:22 pm</td>
        <td>
          Test finished
        </td>
      </tr>
      <tr class="event-row">
        <td><span class="badge log info-bg">Info</span></td>
        <td>9:50:22 pm</td>
        <td>
          <textarea readonly class="code-block">io.restassured.module.jsv.JsonSchemaValidationException: java.io.FileNotFoundException: C:\Users\ubaidullah.bawa\eclipse-workspace\PetStoreAutomation\test-data\putUserSchema.json (The system cannot find the path specified)
	at io.restassured.module.jsv.JsonSchemaValidator$JsonSchemaValidatorFactory.create(JsonSchemaValidator.java:286)
	at io.restassured.module.jsv.JsonSchemaValidator.matchesJsonSchema(JsonSchemaValidator.java:157)
	at api.tests.UserTests2.test_updateUserByName(UserTests2.java:195)
	at java.base/jdk.internal.reflect.DirectMethodHandleAccessor.invoke(DirectMethodHandleAccessor.java:103)
	at java.base/java.lang.reflect.Method.invoke(Method.java:580)
	at org.testng.internal.invokers.MethodInvocationHelper.invokeMethod(MethodInvocationHelper.java:141)
	at org.testng.internal.invokers.TestInvoker.invokeMethod(TestInvoker.java:687)
	at org.testng.internal.invokers.TestInvoker.retryFailed(TestInvoker.java:269)
	at org.testng.internal.invokers.MethodRunner.runInSequence(MethodRunner.java:76)
	at org.testng.internal.invokers.TestInvoker$MethodInvocationAgent.invoke(TestInvoker.java:995)
	at org.testng.internal.invokers.TestInvoker.invokeTestMethods(TestInvoker.java:203)
	at org.testng.internal.invokers.TestMethodWorker.invokeTestMethods(TestMethodWorker.java:154)
	at org.testng.internal.invokers.TestMethodWorker.run(TestMethodWorker.java:134)
	at java.base/java.util.concurrent.Executors$RunnableAdapter.call(Executors.java:572)
	at java.base/java.util.concurrent.FutureTask.run(FutureTask.java:317)
	at org.testng.internal.thread.graph.TestNGFutureTask.run(TestNGFutureTask.java:22)
	at java.base/java.util.concurrent.ThreadPoolExecutor.runWorker(ThreadPoolExecutor.java:1144)
	at java.base/java.util.concurrent.ThreadPoolExecutor$Worker.run(ThreadPoolExecutor.java:642)
	at java.base/java.lang.Thread.run(Thread.java:1583)
Caused by: java.io.FileNotFoundException: C:\Users\ubaidullah.bawa\eclipse-workspace\PetStoreAutomation\test-data\putUserSchema.json (The system cannot find the path specified)
	at java.base/java.io.FileInputStream.open0(Native Method)
	at java.base/java.io.FileInputStream.open(FileInputStream.java:213)
	at java.base/java.io.FileInputStream.<init>(FileInputStream.java:152)
	at com.github.fge.jackson.JsonLoader.fromFile(JsonLoader.java:165)
	at io.restassured.module.jsv.JsonSchemaValidator$3.createSchemaInstance(JsonSchemaValidator.java:155)
	at io.restassured.module.jsv.JsonSchemaValidator$3.createSchemaInstance(JsonSchemaValidator.java:152)
	at io.restassured.module.jsv.JsonSchemaValidator$JsonSchemaValidatorFactory.create(JsonSchemaValidator.java:284)
	... 18 more
</textarea>
          
        </td>
      </tr>
      <tr class="event-row">
        <td><span class="badge log fail-bg">Fail</span></td>
        <td>9:50:22 pm</td>
        <td>
          test_updateUserByName got failed.
        </td>
      </tr>
  </tbody>
</table>
</div>
  <div class="mt-4">  <div class="accordion" role="tablist">
      <div class="card">
        <div class="card-header">
          <div class="card-toolbar node-info">
            <ul class="list-inline d-none d-sm-block">
              <li><span class="badge pass-bg log ">Pass</span></li>
              <li><span class='badge badge-default'>30:00:000</span></li>
              <li></li>
            </ul>
          </div>
          <div class="card-title">
            <a class="node " id="37"><span>test_updateUserByName</span></a>
            <div class="node-attr">
            </div>
          </div>
        </div>
      </div>
  </div>
</div>
          </div>
        </li>
        <li class="test-item"  status="pass" test-id="35"
          author=""
          tag=""
          device="">
          <div class="test-detail">
            <p class="name">api.tests.DDTests - 4. test_DDT_deleteUsers</p>
            <p class="text-sm">
              <span>9:50:21 pm</span> / <span>00:00:01:437</span>
              <span class="badge pass-bg log float-right">Pass</span>
            </p>
          </div>
          <div class="test-contents d-none">
<div class="detail-head">
<div class="p-v-10">
<div class="info">
<h5 class="test-status text-pass">api.tests.DDTests - 4. test_DDT_deleteUsers</h5>
<span class='badge badge-success'>07.05.2025 9:50:21 pm</span>
<span class='badge badge-danger'>07.05.2025 9:50:23 pm</span>
<span class='badge badge-default'>00:00:01:437</span>
&middot; <span class='uri-anchor badge badge-default'>#test-id=35</span>
<span title='Skip to the next failed step' class='badge badge-danger pointer float-right ne ml-1'><i class="fa fa-fast-forward"></i></span>
<span title='Collapse all nodes' class='badge badge-default pointer float-right ct ml-1'><i class="fa fa-compress"></i></span>
<span title='Expand all nodes' class='badge badge-default pointer float-right et'><i class="fa fa-expand"></i></span>
</div>
<div class="m-t-10 m-l-5"></div>
</div>
</div><div class="detail-body mt-4">
<table class="table table-sm">
  <thead><tr><th class="status-col">Status</th><th class="timestamp-col">Timestamp</th><th class="details-col">Details</th></tr></thead>
  <tbody>
      <tr class="event-row">
        <td><span class="badge log info-bg">Info</span></td>
        <td>9:50:21 pm</td>
        <td>
          test_DDT_deleteUsers started executing.
        </td>
      </tr>
      <tr class="event-row">
        <td><span class="badge log pass-bg">Pass</span></td>
        <td>9:50:23 pm</td>
        <td>
          test_DDT_deleteUsers got successfully executed.
        </td>
      </tr>
  </tbody>
</table>
</div>
  <div class="mt-4">  <div class="accordion" role="tablist">
      <div class="card">
        <div class="card-header">
          <div class="card-toolbar node-info">
            <ul class="list-inline d-none d-sm-block">
              <li><span class="badge pass-bg log ">Pass</span></li>
              <li><span class='badge badge-default'>30:00:000</span></li>
              <li></li>
            </ul>
          </div>
          <div class="card-title">
            <a class="node " id="40"><span>test_DDT_deleteUsers</span></a>
            <div class="node-attr">
            </div>
          </div>
        </div>
      </div>
  </div>
</div>
          </div>
        </li>
        <li class="test-item"  status="fail" test-id="38"
          author=""
          tag=""
          device="">
          <div class="test-detail">
            <p class="name">api.tests.UserTests - 3. test_updateUserByName</p>
            <p class="text-sm">
              <span>9:50:22 pm</span> / <span>00:00:01:429</span>
              <span class="badge fail-bg log float-right">Fail</span>
            </p>
          </div>
          <div class="test-contents d-none">
<div class="detail-head">
<div class="p-v-10">
<div class="info">
<h5 class="test-status text-fail">api.tests.UserTests - 3. test_updateUserByName</h5>
<span class='badge badge-success'>07.05.2025 9:50:22 pm</span>
<span class='badge badge-danger'>07.05.2025 9:50:24 pm</span>
<span class='badge badge-default'>00:00:01:429</span>
&middot; <span class='uri-anchor badge badge-default'>#test-id=38</span>
<span title='Skip to the next failed step' class='badge badge-danger pointer float-right ne ml-1'><i class="fa fa-fast-forward"></i></span>
<span title='Collapse all nodes' class='badge badge-default pointer float-right ct ml-1'><i class="fa fa-compress"></i></span>
<span title='Expand all nodes' class='badge badge-default pointer float-right et'><i class="fa fa-expand"></i></span>
</div>
<div class="m-t-10 m-l-5"></div>
</div>
</div><div class="detail-body mt-4">
<table class="table table-sm">
  <thead><tr><th class="status-col">Status</th><th class="timestamp-col">Timestamp</th><th class="details-col">Details</th></tr></thead>
  <tbody>
      <tr class="event-row">
        <td><span class="badge log info-bg">Info</span></td>
        <td>9:50:22 pm</td>
        <td>
          test_updateUserByName started executing.
        </td>
      </tr>
      <tr class="event-row">
        <td><span class="badge log info-bg">Info</span></td>
        <td>9:50:22 pm</td>
        <td>
          Test for updating user started
        </td>
      </tr>
      <tr class="event-row">
        <td><span class="badge log fail-bg">Fail</span></td>
        <td>9:50:24 pm</td>
        <td>
          Unexpected exception: java.io.FileNotFoundException: C:\Users\ubaidullah.bawa\eclipse-workspace\PetStoreAutomation\test-data\putUserSchema.json (The system cannot find the path specified)
        </td>
      </tr>
      <tr class="event-row">
        <td><span class="badge log info-bg">Info</span></td>
        <td>9:50:24 pm</td>
        <td>
          Test finished
        </td>
      </tr>
      <tr class="event-row">
        <td><span class="badge log info-bg">Info</span></td>
        <td>9:50:24 pm</td>
        <td>
          <textarea readonly class="code-block">io.restassured.module.jsv.JsonSchemaValidationException: java.io.FileNotFoundException: C:\Users\ubaidullah.bawa\eclipse-workspace\PetStoreAutomation\test-data\putUserSchema.json (The system cannot find the path specified)
	at io.restassured.module.jsv.JsonSchemaValidator$JsonSchemaValidatorFactory.create(JsonSchemaValidator.java:286)
	at io.restassured.module.jsv.JsonSchemaValidator.matchesJsonSchema(JsonSchemaValidator.java:157)
	at api.tests.UserTests.test_updateUserByName(UserTests.java:192)
	at java.base/jdk.internal.reflect.DirectMethodHandleAccessor.invoke(DirectMethodHandleAccessor.java:103)
	at java.base/java.lang.reflect.Method.invoke(Method.java:580)
	at org.testng.internal.invokers.MethodInvocationHelper.invokeMethod(MethodInvocationHelper.java:141)
	at org.testng.internal.invokers.TestInvoker.invokeMethod(TestInvoker.java:687)
	at org.testng.internal.invokers.TestInvoker.retryFailed(TestInvoker.java:269)
	at org.testng.internal.invokers.MethodRunner.runInSequence(MethodRunner.java:76)
	at org.testng.internal.invokers.TestInvoker$MethodInvocationAgent.invoke(TestInvoker.java:995)
	at org.testng.internal.invokers.TestInvoker.invokeTestMethods(TestInvoker.java:203)
	at org.testng.internal.invokers.TestMethodWorker.invokeTestMethods(TestMethodWorker.java:154)
	at org.testng.internal.invokers.TestMethodWorker.run(TestMethodWorker.java:134)
	at java.base/java.util.concurrent.Executors$RunnableAdapter.call(Executors.java:572)
	at java.base/java.util.concurrent.FutureTask.run(FutureTask.java:317)
	at org.testng.internal.thread.graph.TestNGFutureTask.run(TestNGFutureTask.java:22)
	at java.base/java.util.concurrent.ThreadPoolExecutor.runWorker(ThreadPoolExecutor.java:1144)
	at java.base/java.util.concurrent.ThreadPoolExecutor$Worker.run(ThreadPoolExecutor.java:642)
	at java.base/java.lang.Thread.run(Thread.java:1583)
Caused by: java.io.FileNotFoundException: C:\Users\ubaidullah.bawa\eclipse-workspace\PetStoreAutomation\test-data\putUserSchema.json (The system cannot find the path specified)
	at java.base/java.io.FileInputStream.open0(Native Method)
	at java.base/java.io.FileInputStream.open(FileInputStream.java:213)
	at java.base/java.io.FileInputStream.<init>(FileInputStream.java:152)
	at com.github.fge.jackson.JsonLoader.fromFile(JsonLoader.java:165)
	at io.restassured.module.jsv.JsonSchemaValidator$3.createSchemaInstance(JsonSchemaValidator.java:155)
	at io.restassured.module.jsv.JsonSchemaValidator$3.createSchemaInstance(JsonSchemaValidator.java:152)
	at io.restassured.module.jsv.JsonSchemaValidator$JsonSchemaValidatorFactory.create(JsonSchemaValidator.java:284)
	... 18 more
</textarea>
          
        </td>
      </tr>
      <tr class="event-row">
        <td><span class="badge log fail-bg">Fail</span></td>
        <td>9:50:24 pm</td>
        <td>
          test_updateUserByName got failed.
        </td>
      </tr>
  </tbody>
</table>
</div>
  <div class="mt-4">  <div class="accordion" role="tablist">
      <div class="card">
        <div class="card-header">
          <div class="card-toolbar node-info">
            <ul class="list-inline d-none d-sm-block">
              <li><span class="badge pass-bg log ">Pass</span></li>
              <li><span class='badge badge-default'>30:00:000</span></li>
              <li></li>
            </ul>
          </div>
          <div class="card-title">
            <a class="node " id="42"><span>test_updateUserByName</span></a>
            <div class="node-attr">
            </div>
          </div>
        </div>
      </div>
  </div>
</div>
          </div>
        </li>
        <li class="test-item"  status="skip" test-id="39"
          author=""
          tag=""
          device="">
          <div class="test-detail">
            <p class="name">api.tests.UserTests2 - 4. test_deleteUserByName</p>
            <p class="text-sm">
              <span>9:50:22 pm</span> / <span>00:00:01:428</span>
              <span class="badge skip-bg log float-right">Skip</span>
            </p>
          </div>
          <div class="test-contents d-none">
<div class="detail-head">
<div class="p-v-10">
<div class="info">
<h5 class="test-status text-skip">api.tests.UserTests2 - 4. test_deleteUserByName</h5>
<span class='badge badge-success'>07.05.2025 9:50:22 pm</span>
<span class='badge badge-danger'>07.05.2025 9:50:24 pm</span>
<span class='badge badge-default'>00:00:01:428</span>
&middot; <span class='uri-anchor badge badge-default'>#test-id=39</span>
<span title='Skip to the next failed step' class='badge badge-danger pointer float-right ne ml-1'><i class="fa fa-fast-forward"></i></span>
<span title='Collapse all nodes' class='badge badge-default pointer float-right ct ml-1'><i class="fa fa-compress"></i></span>
<span title='Expand all nodes' class='badge badge-default pointer float-right et'><i class="fa fa-expand"></i></span>
</div>
<div class="m-t-10 m-l-5"></div>
</div>
</div><div class="detail-body mt-4">
<table class="table table-sm">
  <thead><tr><th class="status-col">Status</th><th class="timestamp-col">Timestamp</th><th class="details-col">Details</th></tr></thead>
  <tbody>
      <tr class="event-row">
        <td><span class="badge log info-bg">Info</span></td>
        <td>9:50:22 pm</td>
        <td>
          test_deleteUserByName started executing.
        </td>
      </tr>
      <tr class="event-row">
        <td><span class="badge log info-bg">Info</span></td>
        <td>9:50:24 pm</td>
        <td>
          <textarea readonly class="code-block">io.restassured.module.jsv.JsonSchemaValidationException: java.io.FileNotFoundException: C:\Users\ubaidullah.bawa\eclipse-workspace\PetStoreAutomation\test-data\deleteUserSchema.json (The system cannot find the path specified)
	at io.restassured.module.jsv.JsonSchemaValidator$JsonSchemaValidatorFactory.create(JsonSchemaValidator.java:286)
	at io.restassured.module.jsv.JsonSchemaValidator.matchesJsonSchema(JsonSchemaValidator.java:157)
	at api.tests.UserTests2.test_deleteUserByName(UserTests2.java:227)
	at java.base/jdk.internal.reflect.DirectMethodHandleAccessor.invoke(DirectMethodHandleAccessor.java:103)
	at java.base/java.lang.reflect.Method.invoke(Method.java:580)
	at org.testng.internal.invokers.MethodInvocationHelper.invokeMethod(MethodInvocationHelper.java:141)
	at org.testng.internal.invokers.TestInvoker.invokeMethod(TestInvoker.java:687)
	at org.testng.internal.invokers.TestInvoker.invokeTestMethod(TestInvoker.java:230)
	at org.testng.internal.invokers.MethodRunner.runInSequence(MethodRunner.java:63)
	at org.testng.internal.invokers.TestInvoker$MethodInvocationAgent.invoke(TestInvoker.java:995)
	at org.testng.internal.invokers.TestInvoker.invokeTestMethods(TestInvoker.java:203)
	at org.testng.internal.invokers.TestMethodWorker.invokeTestMethods(TestMethodWorker.java:154)
	at org.testng.internal.invokers.TestMethodWorker.run(TestMethodWorker.java:134)
	at java.base/java.util.concurrent.Executors$RunnableAdapter.call(Executors.java:572)
	at java.base/java.util.concurrent.FutureTask.run(FutureTask.java:317)
	at org.testng.internal.thread.graph.TestNGFutureTask.run(TestNGFutureTask.java:22)
	at java.base/java.util.concurrent.ThreadPoolExecutor.runWorker(ThreadPoolExecutor.java:1144)
	at java.base/java.util.concurrent.ThreadPoolExecutor$Worker.run(ThreadPoolExecutor.java:642)
	at java.base/java.lang.Thread.run(Thread.java:1583)
Caused by: java.io.FileNotFoundException: C:\Users\ubaidullah.bawa\eclipse-workspace\PetStoreAutomation\test-data\deleteUserSchema.json (The system cannot find the path specified)
	at java.base/java.io.FileInputStream.open0(Native Method)
	at java.base/java.io.FileInputStream.open(FileInputStream.java:213)
	at java.base/java.io.FileInputStream.<init>(FileInputStream.java:152)
	at com.github.fge.jackson.JsonLoader.fromFile(JsonLoader.java:165)
	at io.restassured.module.jsv.JsonSchemaValidator$3.createSchemaInstance(JsonSchemaValidator.java:155)
	at io.restassured.module.jsv.JsonSchemaValidator$3.createSchemaInstance(JsonSchemaValidator.java:152)
	at io.restassured.module.jsv.JsonSchemaValidator$JsonSchemaValidatorFactory.create(JsonSchemaValidator.java:284)
	... 18 more
</textarea>
          
        </td>
      </tr>
      <tr class="event-row">
        <td><span class="badge log skip-bg">Skip</span></td>
        <td>9:50:24 pm</td>
        <td>
          test_deleteUserByName got skipped.
        </td>
      </tr>
  </tbody>
</table>
</div>
  <div class="mt-4">  <div class="accordion" role="tablist">
      <div class="card">
        <div class="card-header">
          <div class="card-toolbar node-info">
            <ul class="list-inline d-none d-sm-block">
              <li><span class="badge pass-bg log ">Pass</span></li>
              <li><span class='badge badge-default'>30:00:000</span></li>
              <li></li>
            </ul>
          </div>
          <div class="card-title">
            <a class="node " id="43"><span>test_deleteUserByName</span></a>
            <div class="node-attr">
            </div>
          </div>
        </div>
      </div>
  </div>
</div>
          </div>
        </li>
        <li class="test-item"  status="pass" test-id="41"
          author=""
          tag=""
          device="">
          <div class="test-detail">
            <p class="name">api.tests.DDTests - 4. test_DDT_deleteUsers</p>
            <p class="text-sm">
              <span>9:50:23 pm</span> / <span>00:00:01:524</span>
              <span class="badge pass-bg log float-right">Pass</span>
            </p>
          </div>
          <div class="test-contents d-none">
<div class="detail-head">
<div class="p-v-10">
<div class="info">
<h5 class="test-status text-pass">api.tests.DDTests - 4. test_DDT_deleteUsers</h5>
<span class='badge badge-success'>07.05.2025 9:50:23 pm</span>
<span class='badge badge-danger'>07.05.2025 9:50:24 pm</span>
<span class='badge badge-default'>00:00:01:524</span>
&middot; <span class='uri-anchor badge badge-default'>#test-id=41</span>
<span title='Skip to the next failed step' class='badge badge-danger pointer float-right ne ml-1'><i class="fa fa-fast-forward"></i></span>
<span title='Collapse all nodes' class='badge badge-default pointer float-right ct ml-1'><i class="fa fa-compress"></i></span>
<span title='Expand all nodes' class='badge badge-default pointer float-right et'><i class="fa fa-expand"></i></span>
</div>
<div class="m-t-10 m-l-5"></div>
</div>
</div><div class="detail-body mt-4">
<table class="table table-sm">
  <thead><tr><th class="status-col">Status</th><th class="timestamp-col">Timestamp</th><th class="details-col">Details</th></tr></thead>
  <tbody>
      <tr class="event-row">
        <td><span class="badge log info-bg">Info</span></td>
        <td>9:50:23 pm</td>
        <td>
          test_DDT_deleteUsers started executing.
        </td>
      </tr>
      <tr class="event-row">
        <td><span class="badge log pass-bg">Pass</span></td>
        <td>9:50:24 pm</td>
        <td>
          test_DDT_deleteUsers got successfully executed.
        </td>
      </tr>
  </tbody>
</table>
</div>
  <div class="mt-4">  <div class="accordion" role="tablist">
      <div class="card">
        <div class="card-header">
          <div class="card-toolbar node-info">
            <ul class="list-inline d-none d-sm-block">
              <li><span class="badge pass-bg log ">Pass</span></li>
              <li><span class='badge badge-default'>30:00:000</span></li>
              <li></li>
            </ul>
          </div>
          <div class="card-title">
            <a class="node " id="46"><span>test_DDT_deleteUsers</span></a>
            <div class="node-attr">
            </div>
          </div>
        </div>
      </div>
  </div>
</div>
          </div>
        </li>
        <li class="test-item"  status="skip" test-id="44"
          author=""
          tag=""
          device="">
          <div class="test-detail">
            <p class="name">api.tests.UserTests2 - 4. test_deleteUserByName</p>
            <p class="text-sm">
              <span>9:50:24 pm</span> / <span>00:00:01:392</span>
              <span class="badge skip-bg log float-right">Skip</span>
            </p>
          </div>
          <div class="test-contents d-none">
<div class="detail-head">
<div class="p-v-10">
<div class="info">
<h5 class="test-status text-skip">api.tests.UserTests2 - 4. test_deleteUserByName</h5>
<span class='badge badge-success'>07.05.2025 9:50:24 pm</span>
<span class='badge badge-danger'>07.05.2025 9:50:25 pm</span>
<span class='badge badge-default'>00:00:01:392</span>
&middot; <span class='uri-anchor badge badge-default'>#test-id=44</span>
<span title='Skip to the next failed step' class='badge badge-danger pointer float-right ne ml-1'><i class="fa fa-fast-forward"></i></span>
<span title='Collapse all nodes' class='badge badge-default pointer float-right ct ml-1'><i class="fa fa-compress"></i></span>
<span title='Expand all nodes' class='badge badge-default pointer float-right et'><i class="fa fa-expand"></i></span>
</div>
<div class="m-t-10 m-l-5"></div>
</div>
</div><div class="detail-body mt-4">
<table class="table table-sm">
  <thead><tr><th class="status-col">Status</th><th class="timestamp-col">Timestamp</th><th class="details-col">Details</th></tr></thead>
  <tbody>
      <tr class="event-row">
        <td><span class="badge log info-bg">Info</span></td>
        <td>9:50:24 pm</td>
        <td>
          test_deleteUserByName started executing.
        </td>
      </tr>
      <tr class="event-row">
        <td><span class="badge log info-bg">Info</span></td>
        <td>9:50:25 pm</td>
        <td>
          <textarea readonly class="code-block">java.lang.AssertionError: expected [200] but found [404]
	at org.testng.Assert.fail(Assert.java:111)
	at org.testng.Assert.failNotEquals(Assert.java:1590)
	at org.testng.Assert.assertEqualsImpl(Assert.java:150)
	at org.testng.Assert.assertEquals(Assert.java:132)
	at org.testng.Assert.assertEquals(Assert.java:1431)
	at org.testng.Assert.assertEquals(Assert.java:1395)
	at org.testng.Assert.assertEquals(Assert.java:1441)
	at api.tests.UserTests2.test_deleteUserByName(UserTests2.java:221)
	at java.base/jdk.internal.reflect.DirectMethodHandleAccessor.invoke(DirectMethodHandleAccessor.java:103)
	at java.base/java.lang.reflect.Method.invoke(Method.java:580)
	at org.testng.internal.invokers.MethodInvocationHelper.invokeMethod(MethodInvocationHelper.java:141)
	at org.testng.internal.invokers.TestInvoker.invokeMethod(TestInvoker.java:687)
	at org.testng.internal.invokers.TestInvoker.retryFailed(TestInvoker.java:269)
	at org.testng.internal.invokers.MethodRunner.runInSequence(MethodRunner.java:76)
	at org.testng.internal.invokers.TestInvoker$MethodInvocationAgent.invoke(TestInvoker.java:995)
	at org.testng.internal.invokers.TestInvoker.invokeTestMethods(TestInvoker.java:203)
	at org.testng.internal.invokers.TestMethodWorker.invokeTestMethods(TestMethodWorker.java:154)
	at org.testng.internal.invokers.TestMethodWorker.run(TestMethodWorker.java:134)
	at java.base/java.util.concurrent.Executors$RunnableAdapter.call(Executors.java:572)
	at java.base/java.util.concurrent.FutureTask.run(FutureTask.java:317)
	at org.testng.internal.thread.graph.TestNGFutureTask.run(TestNGFutureTask.java:22)
	at java.base/java.util.concurrent.ThreadPoolExecutor.runWorker(ThreadPoolExecutor.java:1144)
	at java.base/java.util.concurrent.ThreadPoolExecutor$Worker.run(ThreadPoolExecutor.java:642)
	at java.base/java.lang.Thread.run(Thread.java:1583)
</textarea>
          
        </td>
      </tr>
      <tr class="event-row">
        <td><span class="badge log skip-bg">Skip</span></td>
        <td>9:50:25 pm</td>
        <td>
          test_deleteUserByName got skipped.
        </td>
      </tr>
  </tbody>
</table>
</div>
  <div class="mt-4">  <div class="accordion" role="tablist">
      <div class="card">
        <div class="card-header">
          <div class="card-toolbar node-info">
            <ul class="list-inline d-none d-sm-block">
              <li><span class="badge pass-bg log ">Pass</span></li>
              <li><span class='badge badge-default'>30:00:000</span></li>
              <li></li>
            </ul>
          </div>
          <div class="card-title">
            <a class="node " id="47"><span>test_deleteUserByName</span></a>
            <div class="node-attr">
            </div>
          </div>
        </div>
      </div>
  </div>
</div>
          </div>
        </li>
        <li class="test-item"  status="skip" test-id="45"
          author=""
          tag=""
          device="">
          <div class="test-detail">
            <p class="name">api.tests.UserTests - 4. test_deleteUserByName</p>
            <p class="text-sm">
              <span>9:50:24 pm</span> / <span>00:00:01:386</span>
              <span class="badge skip-bg log float-right">Skip</span>
            </p>
          </div>
          <div class="test-contents d-none">
<div class="detail-head">
<div class="p-v-10">
<div class="info">
<h5 class="test-status text-skip">api.tests.UserTests - 4. test_deleteUserByName</h5>
<span class='badge badge-success'>07.05.2025 9:50:24 pm</span>
<span class='badge badge-danger'>07.05.2025 9:50:25 pm</span>
<span class='badge badge-default'>00:00:01:386</span>
&middot; <span class='uri-anchor badge badge-default'>#test-id=45</span>
<span title='Skip to the next failed step' class='badge badge-danger pointer float-right ne ml-1'><i class="fa fa-fast-forward"></i></span>
<span title='Collapse all nodes' class='badge badge-default pointer float-right ct ml-1'><i class="fa fa-compress"></i></span>
<span title='Expand all nodes' class='badge badge-default pointer float-right et'><i class="fa fa-expand"></i></span>
</div>
<div class="m-t-10 m-l-5"></div>
</div>
</div><div class="detail-body mt-4">
<table class="table table-sm">
  <thead><tr><th class="status-col">Status</th><th class="timestamp-col">Timestamp</th><th class="details-col">Details</th></tr></thead>
  <tbody>
      <tr class="event-row">
        <td><span class="badge log info-bg">Info</span></td>
        <td>9:50:24 pm</td>
        <td>
          test_deleteUserByName started executing.
        </td>
      </tr>
      <tr class="event-row">
        <td><span class="badge log info-bg">Info</span></td>
        <td>9:50:25 pm</td>
        <td>
          <textarea readonly class="code-block">io.restassured.module.jsv.JsonSchemaValidationException: java.io.FileNotFoundException: C:\Users\ubaidullah.bawa\eclipse-workspace\PetStoreAutomation\test-data\deleteUserSchema.json (The system cannot find the path specified)
	at io.restassured.module.jsv.JsonSchemaValidator$JsonSchemaValidatorFactory.create(JsonSchemaValidator.java:286)
	at io.restassured.module.jsv.JsonSchemaValidator.matchesJsonSchema(JsonSchemaValidator.java:157)
	at api.tests.UserTests.test_deleteUserByName(UserTests.java:224)
	at java.base/jdk.internal.reflect.DirectMethodHandleAccessor.invoke(DirectMethodHandleAccessor.java:103)
	at java.base/java.lang.reflect.Method.invoke(Method.java:580)
	at org.testng.internal.invokers.MethodInvocationHelper.invokeMethod(MethodInvocationHelper.java:141)
	at org.testng.internal.invokers.TestInvoker.invokeMethod(TestInvoker.java:687)
	at org.testng.internal.invokers.TestInvoker.invokeTestMethod(TestInvoker.java:230)
	at org.testng.internal.invokers.MethodRunner.runInSequence(MethodRunner.java:63)
	at org.testng.internal.invokers.TestInvoker$MethodInvocationAgent.invoke(TestInvoker.java:995)
	at org.testng.internal.invokers.TestInvoker.invokeTestMethods(TestInvoker.java:203)
	at org.testng.internal.invokers.TestMethodWorker.invokeTestMethods(TestMethodWorker.java:154)
	at org.testng.internal.invokers.TestMethodWorker.run(TestMethodWorker.java:134)
	at java.base/java.util.concurrent.Executors$RunnableAdapter.call(Executors.java:572)
	at java.base/java.util.concurrent.FutureTask.run(FutureTask.java:317)
	at org.testng.internal.thread.graph.TestNGFutureTask.run(TestNGFutureTask.java:22)
	at java.base/java.util.concurrent.ThreadPoolExecutor.runWorker(ThreadPoolExecutor.java:1144)
	at java.base/java.util.concurrent.ThreadPoolExecutor$Worker.run(ThreadPoolExecutor.java:642)
	at java.base/java.lang.Thread.run(Thread.java:1583)
Caused by: java.io.FileNotFoundException: C:\Users\ubaidullah.bawa\eclipse-workspace\PetStoreAutomation\test-data\deleteUserSchema.json (The system cannot find the path specified)
	at java.base/java.io.FileInputStream.open0(Native Method)
	at java.base/java.io.FileInputStream.open(FileInputStream.java:213)
	at java.base/java.io.FileInputStream.<init>(FileInputStream.java:152)
	at com.github.fge.jackson.JsonLoader.fromFile(JsonLoader.java:165)
	at io.restassured.module.jsv.JsonSchemaValidator$3.createSchemaInstance(JsonSchemaValidator.java:155)
	at io.restassured.module.jsv.JsonSchemaValidator$3.createSchemaInstance(JsonSchemaValidator.java:152)
	at io.restassured.module.jsv.JsonSchemaValidator$JsonSchemaValidatorFactory.create(JsonSchemaValidator.java:284)
	... 18 more
</textarea>
          
        </td>
      </tr>
      <tr class="event-row">
        <td><span class="badge log skip-bg">Skip</span></td>
        <td>9:50:25 pm</td>
        <td>
          test_deleteUserByName got skipped.
        </td>
      </tr>
  </tbody>
</table>
</div>
  <div class="mt-4">  <div class="accordion" role="tablist">
      <div class="card">
        <div class="card-header">
          <div class="card-toolbar node-info">
            <ul class="list-inline d-none d-sm-block">
              <li><span class="badge pass-bg log ">Pass</span></li>
              <li><span class='badge badge-default'>30:00:000</span></li>
              <li></li>
            </ul>
          </div>
          <div class="card-title">
            <a class="node " id="48"><span>test_deleteUserByName</span></a>
            <div class="node-attr">
            </div>
          </div>
        </div>
      </div>
  </div>
</div>
          </div>
        </li>
        <li class="test-item"  status="skip" test-id="49"
          author=""
          tag=""
          device="">
          <div class="test-detail">
            <p class="name">api.tests.UserTests2 - 4. test_deleteUserByName</p>
            <p class="text-sm">
              <span>9:50:25 pm</span> / <span>00:00:01:473</span>
              <span class="badge skip-bg log float-right">Skip</span>
            </p>
          </div>
          <div class="test-contents d-none">
<div class="detail-head">
<div class="p-v-10">
<div class="info">
<h5 class="test-status text-skip">api.tests.UserTests2 - 4. test_deleteUserByName</h5>
<span class='badge badge-success'>07.05.2025 9:50:25 pm</span>
<span class='badge badge-danger'>07.05.2025 9:50:27 pm</span>
<span class='badge badge-default'>00:00:01:473</span>
&middot; <span class='uri-anchor badge badge-default'>#test-id=49</span>
<span title='Skip to the next failed step' class='badge badge-danger pointer float-right ne ml-1'><i class="fa fa-fast-forward"></i></span>
<span title='Collapse all nodes' class='badge badge-default pointer float-right ct ml-1'><i class="fa fa-compress"></i></span>
<span title='Expand all nodes' class='badge badge-default pointer float-right et'><i class="fa fa-expand"></i></span>
</div>
<div class="m-t-10 m-l-5"></div>
</div>
</div><div class="detail-body mt-4">
<table class="table table-sm">
  <thead><tr><th class="status-col">Status</th><th class="timestamp-col">Timestamp</th><th class="details-col">Details</th></tr></thead>
  <tbody>
      <tr class="event-row">
        <td><span class="badge log info-bg">Info</span></td>
        <td>9:50:25 pm</td>
        <td>
          test_deleteUserByName started executing.
        </td>
      </tr>
      <tr class="event-row">
        <td><span class="badge log info-bg">Info</span></td>
        <td>9:50:27 pm</td>
        <td>
          <textarea readonly class="code-block">io.restassured.module.jsv.JsonSchemaValidationException: java.io.FileNotFoundException: C:\Users\ubaidullah.bawa\eclipse-workspace\PetStoreAutomation\test-data\deleteUserSchema.json (The system cannot find the path specified)
	at io.restassured.module.jsv.JsonSchemaValidator$JsonSchemaValidatorFactory.create(JsonSchemaValidator.java:286)
	at io.restassured.module.jsv.JsonSchemaValidator.matchesJsonSchema(JsonSchemaValidator.java:157)
	at api.tests.UserTests2.test_deleteUserByName(UserTests2.java:227)
	at java.base/jdk.internal.reflect.DirectMethodHandleAccessor.invoke(DirectMethodHandleAccessor.java:103)
	at java.base/java.lang.reflect.Method.invoke(Method.java:580)
	at org.testng.internal.invokers.MethodInvocationHelper.invokeMethod(MethodInvocationHelper.java:141)
	at org.testng.internal.invokers.TestInvoker.invokeMethod(TestInvoker.java:687)
	at org.testng.internal.invokers.TestInvoker.retryFailed(TestInvoker.java:269)
	at org.testng.internal.invokers.MethodRunner.runInSequence(MethodRunner.java:76)
	at org.testng.internal.invokers.TestInvoker$MethodInvocationAgent.invoke(TestInvoker.java:995)
	at org.testng.internal.invokers.TestInvoker.invokeTestMethods(TestInvoker.java:203)
	at org.testng.internal.invokers.TestMethodWorker.invokeTestMethods(TestMethodWorker.java:154)
	at org.testng.internal.invokers.TestMethodWorker.run(TestMethodWorker.java:134)
	at java.base/java.util.concurrent.Executors$RunnableAdapter.call(Executors.java:572)
	at java.base/java.util.concurrent.FutureTask.run(FutureTask.java:317)
	at org.testng.internal.thread.graph.TestNGFutureTask.run(TestNGFutureTask.java:22)
	at java.base/java.util.concurrent.ThreadPoolExecutor.runWorker(ThreadPoolExecutor.java:1144)
	at java.base/java.util.concurrent.ThreadPoolExecutor$Worker.run(ThreadPoolExecutor.java:642)
	at java.base/java.lang.Thread.run(Thread.java:1583)
Caused by: java.io.FileNotFoundException: C:\Users\ubaidullah.bawa\eclipse-workspace\PetStoreAutomation\test-data\deleteUserSchema.json (The system cannot find the path specified)
	at java.base/java.io.FileInputStream.open0(Native Method)
	at java.base/java.io.FileInputStream.open(FileInputStream.java:213)
	at java.base/java.io.FileInputStream.<init>(FileInputStream.java:152)
	at com.github.fge.jackson.JsonLoader.fromFile(JsonLoader.java:165)
	at io.restassured.module.jsv.JsonSchemaValidator$3.createSchemaInstance(JsonSchemaValidator.java:155)
	at io.restassured.module.jsv.JsonSchemaValidator$3.createSchemaInstance(JsonSchemaValidator.java:152)
	at io.restassured.module.jsv.JsonSchemaValidator$JsonSchemaValidatorFactory.create(JsonSchemaValidator.java:284)
	... 18 more
</textarea>
          
        </td>
      </tr>
      <tr class="event-row">
        <td><span class="badge log skip-bg">Skip</span></td>
        <td>9:50:27 pm</td>
        <td>
          test_deleteUserByName got skipped.
        </td>
      </tr>
  </tbody>
</table>
</div>
  <div class="mt-4">  <div class="accordion" role="tablist">
      <div class="card">
        <div class="card-header">
          <div class="card-toolbar node-info">
            <ul class="list-inline d-none d-sm-block">
              <li><span class="badge pass-bg log ">Pass</span></li>
              <li><span class='badge badge-default'>30:00:000</span></li>
              <li></li>
            </ul>
          </div>
          <div class="card-title">
            <a class="node " id="51"><span>test_deleteUserByName</span></a>
            <div class="node-attr">
            </div>
          </div>
        </div>
      </div>
  </div>
</div>
          </div>
        </li>
        <li class="test-item"  status="skip" test-id="50"
          author=""
          tag=""
          device="">
          <div class="test-detail">
            <p class="name">api.tests.UserTests - 4. test_deleteUserByName</p>
            <p class="text-sm">
              <span>9:50:25 pm</span> / <span>00:00:01:475</span>
              <span class="badge skip-bg log float-right">Skip</span>
            </p>
          </div>
          <div class="test-contents d-none">
<div class="detail-head">
<div class="p-v-10">
<div class="info">
<h5 class="test-status text-skip">api.tests.UserTests - 4. test_deleteUserByName</h5>
<span class='badge badge-success'>07.05.2025 9:50:25 pm</span>
<span class='badge badge-danger'>07.05.2025 9:50:27 pm</span>
<span class='badge badge-default'>00:00:01:475</span>
&middot; <span class='uri-anchor badge badge-default'>#test-id=50</span>
<span title='Skip to the next failed step' class='badge badge-danger pointer float-right ne ml-1'><i class="fa fa-fast-forward"></i></span>
<span title='Collapse all nodes' class='badge badge-default pointer float-right ct ml-1'><i class="fa fa-compress"></i></span>
<span title='Expand all nodes' class='badge badge-default pointer float-right et'><i class="fa fa-expand"></i></span>
</div>
<div class="m-t-10 m-l-5"></div>
</div>
</div><div class="detail-body mt-4">
<table class="table table-sm">
  <thead><tr><th class="status-col">Status</th><th class="timestamp-col">Timestamp</th><th class="details-col">Details</th></tr></thead>
  <tbody>
      <tr class="event-row">
        <td><span class="badge log info-bg">Info</span></td>
        <td>9:50:25 pm</td>
        <td>
          test_deleteUserByName started executing.
        </td>
      </tr>
      <tr class="event-row">
        <td><span class="badge log info-bg">Info</span></td>
        <td>9:50:27 pm</td>
        <td>
          <textarea readonly class="code-block">io.restassured.module.jsv.JsonSchemaValidationException: java.io.FileNotFoundException: C:\Users\ubaidullah.bawa\eclipse-workspace\PetStoreAutomation\test-data\deleteUserSchema.json (The system cannot find the path specified)
	at io.restassured.module.jsv.JsonSchemaValidator$JsonSchemaValidatorFactory.create(JsonSchemaValidator.java:286)
	at io.restassured.module.jsv.JsonSchemaValidator.matchesJsonSchema(JsonSchemaValidator.java:157)
	at api.tests.UserTests.test_deleteUserByName(UserTests.java:224)
	at java.base/jdk.internal.reflect.DirectMethodHandleAccessor.invoke(DirectMethodHandleAccessor.java:103)
	at java.base/java.lang.reflect.Method.invoke(Method.java:580)
	at org.testng.internal.invokers.MethodInvocationHelper.invokeMethod(MethodInvocationHelper.java:141)
	at org.testng.internal.invokers.TestInvoker.invokeMethod(TestInvoker.java:687)
	at org.testng.internal.invokers.TestInvoker.retryFailed(TestInvoker.java:269)
	at org.testng.internal.invokers.MethodRunner.runInSequence(MethodRunner.java:76)
	at org.testng.internal.invokers.TestInvoker$MethodInvocationAgent.invoke(TestInvoker.java:995)
	at org.testng.internal.invokers.TestInvoker.invokeTestMethods(TestInvoker.java:203)
	at org.testng.internal.invokers.TestMethodWorker.invokeTestMethods(TestMethodWorker.java:154)
	at org.testng.internal.invokers.TestMethodWorker.run(TestMethodWorker.java:134)
	at java.base/java.util.concurrent.Executors$RunnableAdapter.call(Executors.java:572)
	at java.base/java.util.concurrent.FutureTask.run(FutureTask.java:317)
	at org.testng.internal.thread.graph.TestNGFutureTask.run(TestNGFutureTask.java:22)
	at java.base/java.util.concurrent.ThreadPoolExecutor.runWorker(ThreadPoolExecutor.java:1144)
	at java.base/java.util.concurrent.ThreadPoolExecutor$Worker.run(ThreadPoolExecutor.java:642)
	at java.base/java.lang.Thread.run(Thread.java:1583)
Caused by: java.io.FileNotFoundException: C:\Users\ubaidullah.bawa\eclipse-workspace\PetStoreAutomation\test-data\deleteUserSchema.json (The system cannot find the path specified)
	at java.base/java.io.FileInputStream.open0(Native Method)
	at java.base/java.io.FileInputStream.open(FileInputStream.java:213)
	at java.base/java.io.FileInputStream.<init>(FileInputStream.java:152)
	at com.github.fge.jackson.JsonLoader.fromFile(JsonLoader.java:165)
	at io.restassured.module.jsv.JsonSchemaValidator$3.createSchemaInstance(JsonSchemaValidator.java:155)
	at io.restassured.module.jsv.JsonSchemaValidator$3.createSchemaInstance(JsonSchemaValidator.java:152)
	at io.restassured.module.jsv.JsonSchemaValidator$JsonSchemaValidatorFactory.create(JsonSchemaValidator.java:284)
	... 18 more
</textarea>
          
        </td>
      </tr>
      <tr class="event-row">
        <td><span class="badge log skip-bg">Skip</span></td>
        <td>9:50:27 pm</td>
        <td>
          test_deleteUserByName got skipped.
        </td>
      </tr>
  </tbody>
</table>
</div>
  <div class="mt-4">  <div class="accordion" role="tablist">
      <div class="card">
        <div class="card-header">
          <div class="card-toolbar node-info">
            <ul class="list-inline d-none d-sm-block">
              <li><span class="badge pass-bg log ">Pass</span></li>
              <li><span class='badge badge-default'>30:00:000</span></li>
              <li></li>
            </ul>
          </div>
          <div class="card-title">
            <a class="node " id="52"><span>test_deleteUserByName</span></a>
            <div class="node-attr">
            </div>
          </div>
        </div>
      </div>
  </div>
</div>
          </div>
        </li>
        <li class="test-item"  status="fail" test-id="53"
          author=""
          tag=""
          device="">
          <div class="test-detail">
            <p class="name">api.tests.UserTests2 - 4. test_deleteUserByName</p>
            <p class="text-sm">
              <span>9:50:27 pm</span> / <span>00:00:01:532</span>
              <span class="badge fail-bg log float-right">Fail</span>
            </p>
          </div>
          <div class="test-contents d-none">
<div class="detail-head">
<div class="p-v-10">
<div class="info">
<h5 class="test-status text-fail">api.tests.UserTests2 - 4. test_deleteUserByName</h5>
<span class='badge badge-success'>07.05.2025 9:50:27 pm</span>
<span class='badge badge-danger'>07.05.2025 9:50:28 pm</span>
<span class='badge badge-default'>00:00:01:532</span>
&middot; <span class='uri-anchor badge badge-default'>#test-id=53</span>
<span title='Skip to the next failed step' class='badge badge-danger pointer float-right ne ml-1'><i class="fa fa-fast-forward"></i></span>
<span title='Collapse all nodes' class='badge badge-default pointer float-right ct ml-1'><i class="fa fa-compress"></i></span>
<span title='Expand all nodes' class='badge badge-default pointer float-right et'><i class="fa fa-expand"></i></span>
</div>
<div class="m-t-10 m-l-5"></div>
</div>
</div><div class="detail-body mt-4">
<table class="table table-sm">
  <thead><tr><th class="status-col">Status</th><th class="timestamp-col">Timestamp</th><th class="details-col">Details</th></tr></thead>
  <tbody>
      <tr class="event-row">
        <td><span class="badge log info-bg">Info</span></td>
        <td>9:50:27 pm</td>
        <td>
          test_deleteUserByName started executing.
        </td>
      </tr>
      <tr class="event-row">
        <td><span class="badge log info-bg">Info</span></td>
        <td>9:50:28 pm</td>
        <td>
          <textarea readonly class="code-block">java.lang.AssertionError: expected [200] but found [404]
	at org.testng.Assert.fail(Assert.java:111)
	at org.testng.Assert.failNotEquals(Assert.java:1590)
	at org.testng.Assert.assertEqualsImpl(Assert.java:150)
	at org.testng.Assert.assertEquals(Assert.java:132)
	at org.testng.Assert.assertEquals(Assert.java:1431)
	at org.testng.Assert.assertEquals(Assert.java:1395)
	at org.testng.Assert.assertEquals(Assert.java:1441)
	at api.tests.UserTests2.test_deleteUserByName(UserTests2.java:221)
	at java.base/jdk.internal.reflect.DirectMethodHandleAccessor.invoke(DirectMethodHandleAccessor.java:103)
	at java.base/java.lang.reflect.Method.invoke(Method.java:580)
	at org.testng.internal.invokers.MethodInvocationHelper.invokeMethod(MethodInvocationHelper.java:141)
	at org.testng.internal.invokers.TestInvoker.invokeMethod(TestInvoker.java:687)
	at org.testng.internal.invokers.TestInvoker.retryFailed(TestInvoker.java:269)
	at org.testng.internal.invokers.MethodRunner.runInSequence(MethodRunner.java:76)
	at org.testng.internal.invokers.TestInvoker$MethodInvocationAgent.invoke(TestInvoker.java:995)
	at org.testng.internal.invokers.TestInvoker.invokeTestMethods(TestInvoker.java:203)
	at org.testng.internal.invokers.TestMethodWorker.invokeTestMethods(TestMethodWorker.java:154)
	at org.testng.internal.invokers.TestMethodWorker.run(TestMethodWorker.java:134)
	at java.base/java.util.concurrent.Executors$RunnableAdapter.call(Executors.java:572)
	at java.base/java.util.concurrent.FutureTask.run(FutureTask.java:317)
	at org.testng.internal.thread.graph.TestNGFutureTask.run(TestNGFutureTask.java:22)
	at java.base/java.util.concurrent.ThreadPoolExecutor.runWorker(ThreadPoolExecutor.java:1144)
	at java.base/java.util.concurrent.ThreadPoolExecutor$Worker.run(ThreadPoolExecutor.java:642)
	at java.base/java.lang.Thread.run(Thread.java:1583)
</textarea>
          
        </td>
      </tr>
      <tr class="event-row">
        <td><span class="badge log fail-bg">Fail</span></td>
        <td>9:50:28 pm</td>
        <td>
          test_deleteUserByName got failed.
        </td>
      </tr>
  </tbody>
</table>
</div>
  <div class="mt-4">  <div class="accordion" role="tablist">
      <div class="card">
        <div class="card-header">
          <div class="card-toolbar node-info">
            <ul class="list-inline d-none d-sm-block">
              <li><span class="badge pass-bg log ">Pass</span></li>
              <li><span class='badge badge-default'>30:00:000</span></li>
              <li></li>
            </ul>
          </div>
          <div class="card-title">
            <a class="node " id="55"><span>test_deleteUserByName</span></a>
            <div class="node-attr">
            </div>
          </div>
        </div>
      </div>
  </div>
</div>
          </div>
        </li>
        <li class="test-item"  status="skip" test-id="54"
          author=""
          tag=""
          device="">
          <div class="test-detail">
            <p class="name">api.tests.UserTests - 4. test_deleteUserByName</p>
            <p class="text-sm">
              <span>9:50:27 pm</span> / <span>00:00:01:529</span>
              <span class="badge skip-bg log float-right">Skip</span>
            </p>
          </div>
          <div class="test-contents d-none">
<div class="detail-head">
<div class="p-v-10">
<div class="info">
<h5 class="test-status text-skip">api.tests.UserTests - 4. test_deleteUserByName</h5>
<span class='badge badge-success'>07.05.2025 9:50:27 pm</span>
<span class='badge badge-danger'>07.05.2025 9:50:28 pm</span>
<span class='badge badge-default'>00:00:01:529</span>
&middot; <span class='uri-anchor badge badge-default'>#test-id=54</span>
<span title='Skip to the next failed step' class='badge badge-danger pointer float-right ne ml-1'><i class="fa fa-fast-forward"></i></span>
<span title='Collapse all nodes' class='badge badge-default pointer float-right ct ml-1'><i class="fa fa-compress"></i></span>
<span title='Expand all nodes' class='badge badge-default pointer float-right et'><i class="fa fa-expand"></i></span>
</div>
<div class="m-t-10 m-l-5"></div>
</div>
</div><div class="detail-body mt-4">
<table class="table table-sm">
  <thead><tr><th class="status-col">Status</th><th class="timestamp-col">Timestamp</th><th class="details-col">Details</th></tr></thead>
  <tbody>
      <tr class="event-row">
        <td><span class="badge log info-bg">Info</span></td>
        <td>9:50:27 pm</td>
        <td>
          test_deleteUserByName started executing.
        </td>
      </tr>
      <tr class="event-row">
        <td><span class="badge log info-bg">Info</span></td>
        <td>9:50:28 pm</td>
        <td>
          <textarea readonly class="code-block">java.lang.AssertionError: expected [200] but found [404]
	at org.testng.Assert.fail(Assert.java:111)
	at org.testng.Assert.failNotEquals(Assert.java:1590)
	at org.testng.Assert.assertEqualsImpl(Assert.java:150)
	at org.testng.Assert.assertEquals(Assert.java:132)
	at org.testng.Assert.assertEquals(Assert.java:1431)
	at org.testng.Assert.assertEquals(Assert.java:1395)
	at org.testng.Assert.assertEquals(Assert.java:1441)
	at api.tests.UserTests.test_deleteUserByName(UserTests.java:218)
	at java.base/jdk.internal.reflect.DirectMethodHandleAccessor.invoke(DirectMethodHandleAccessor.java:103)
	at java.base/java.lang.reflect.Method.invoke(Method.java:580)
	at org.testng.internal.invokers.MethodInvocationHelper.invokeMethod(MethodInvocationHelper.java:141)
	at org.testng.internal.invokers.TestInvoker.invokeMethod(TestInvoker.java:687)
	at org.testng.internal.invokers.TestInvoker.retryFailed(TestInvoker.java:269)
	at org.testng.internal.invokers.MethodRunner.runInSequence(MethodRunner.java:76)
	at org.testng.internal.invokers.TestInvoker$MethodInvocationAgent.invoke(TestInvoker.java:995)
	at org.testng.internal.invokers.TestInvoker.invokeTestMethods(TestInvoker.java:203)
	at org.testng.internal.invokers.TestMethodWorker.invokeTestMethods(TestMethodWorker.java:154)
	at org.testng.internal.invokers.TestMethodWorker.run(TestMethodWorker.java:134)
	at java.base/java.util.concurrent.Executors$RunnableAdapter.call(Executors.java:572)
	at java.base/java.util.concurrent.FutureTask.run(FutureTask.java:317)
	at org.testng.internal.thread.graph.TestNGFutureTask.run(TestNGFutureTask.java:22)
	at java.base/java.util.concurrent.ThreadPoolExecutor.runWorker(ThreadPoolExecutor.java:1144)
	at java.base/java.util.concurrent.ThreadPoolExecutor$Worker.run(ThreadPoolExecutor.java:642)
	at java.base/java.lang.Thread.run(Thread.java:1583)
</textarea>
          
        </td>
      </tr>
      <tr class="event-row">
        <td><span class="badge log skip-bg">Skip</span></td>
        <td>9:50:28 pm</td>
        <td>
          test_deleteUserByName got skipped.
        </td>
      </tr>
  </tbody>
</table>
</div>
  <div class="mt-4">  <div class="accordion" role="tablist">
      <div class="card">
        <div class="card-header">
          <div class="card-toolbar node-info">
            <ul class="list-inline d-none d-sm-block">
              <li><span class="badge pass-bg log ">Pass</span></li>
              <li><span class='badge badge-default'>30:00:000</span></li>
              <li></li>
            </ul>
          </div>
          <div class="card-title">
            <a class="node " id="56"><span>test_deleteUserByName</span></a>
            <div class="node-attr">
            </div>
          </div>
        </div>
      </div>
  </div>
</div>
          </div>
        </li>
        <li class="test-item"  status="fail" test-id="57"
          author=""
          tag=""
          device="">
          <div class="test-detail">
            <p class="name">api.tests.UserTests - 4. test_deleteUserByName</p>
            <p class="text-sm">
              <span>9:50:28 pm</span> / <span>00:00:01:535</span>
              <span class="badge fail-bg log float-right">Fail</span>
            </p>
          </div>
          <div class="test-contents d-none">
<div class="detail-head">
<div class="p-v-10">
<div class="info">
<h5 class="test-status text-fail">api.tests.UserTests - 4. test_deleteUserByName</h5>
<span class='badge badge-success'>07.05.2025 9:50:28 pm</span>
<span class='badge badge-danger'>07.05.2025 9:50:30 pm</span>
<span class='badge badge-default'>00:00:01:535</span>
&middot; <span class='uri-anchor badge badge-default'>#test-id=57</span>
<span title='Skip to the next failed step' class='badge badge-danger pointer float-right ne ml-1'><i class="fa fa-fast-forward"></i></span>
<span title='Collapse all nodes' class='badge badge-default pointer float-right ct ml-1'><i class="fa fa-compress"></i></span>
<span title='Expand all nodes' class='badge badge-default pointer float-right et'><i class="fa fa-expand"></i></span>
</div>
<div class="m-t-10 m-l-5"></div>
</div>
</div><div class="detail-body mt-4">
<table class="table table-sm">
  <thead><tr><th class="status-col">Status</th><th class="timestamp-col">Timestamp</th><th class="details-col">Details</th></tr></thead>
  <tbody>
      <tr class="event-row">
        <td><span class="badge log info-bg">Info</span></td>
        <td>9:50:28 pm</td>
        <td>
          test_deleteUserByName started executing.
        </td>
      </tr>
      <tr class="event-row">
        <td><span class="badge log info-bg">Info</span></td>
        <td>9:50:30 pm</td>
        <td>
          <textarea readonly class="code-block">java.lang.AssertionError: expected [200] but found [404]
	at org.testng.Assert.fail(Assert.java:111)
	at org.testng.Assert.failNotEquals(Assert.java:1590)
	at org.testng.Assert.assertEqualsImpl(Assert.java:150)
	at org.testng.Assert.assertEquals(Assert.java:132)
	at org.testng.Assert.assertEquals(Assert.java:1431)
	at org.testng.Assert.assertEquals(Assert.java:1395)
	at org.testng.Assert.assertEquals(Assert.java:1441)
	at api.tests.UserTests.test_deleteUserByName(UserTests.java:218)
	at java.base/jdk.internal.reflect.DirectMethodHandleAccessor.invoke(DirectMethodHandleAccessor.java:103)
	at java.base/java.lang.reflect.Method.invoke(Method.java:580)
	at org.testng.internal.invokers.MethodInvocationHelper.invokeMethod(MethodInvocationHelper.java:141)
	at org.testng.internal.invokers.TestInvoker.invokeMethod(TestInvoker.java:687)
	at org.testng.internal.invokers.TestInvoker.retryFailed(TestInvoker.java:269)
	at org.testng.internal.invokers.MethodRunner.runInSequence(MethodRunner.java:76)
	at org.testng.internal.invokers.TestInvoker$MethodInvocationAgent.invoke(TestInvoker.java:995)
	at org.testng.internal.invokers.TestInvoker.invokeTestMethods(TestInvoker.java:203)
	at org.testng.internal.invokers.TestMethodWorker.invokeTestMethods(TestMethodWorker.java:154)
	at org.testng.internal.invokers.TestMethodWorker.run(TestMethodWorker.java:134)
	at java.base/java.util.concurrent.Executors$RunnableAdapter.call(Executors.java:572)
	at java.base/java.util.concurrent.FutureTask.run(FutureTask.java:317)
	at org.testng.internal.thread.graph.TestNGFutureTask.run(TestNGFutureTask.java:22)
	at java.base/java.util.concurrent.ThreadPoolExecutor.runWorker(ThreadPoolExecutor.java:1144)
	at java.base/java.util.concurrent.ThreadPoolExecutor$Worker.run(ThreadPoolExecutor.java:642)
	at java.base/java.lang.Thread.run(Thread.java:1583)
</textarea>
          
        </td>
      </tr>
      <tr class="event-row">
        <td><span class="badge log fail-bg">Fail</span></td>
        <td>9:50:30 pm</td>
        <td>
          test_deleteUserByName got failed.
        </td>
      </tr>
  </tbody>
</table>
</div>
  <div class="mt-4">  <div class="accordion" role="tablist">
      <div class="card">
        <div class="card-header">
          <div class="card-toolbar node-info">
            <ul class="list-inline d-none d-sm-block">
              <li><span class="badge pass-bg log ">Pass</span></li>
              <li><span class='badge badge-default'>30:00:000</span></li>
              <li></li>
            </ul>
          </div>
          <div class="card-title">
            <a class="node " id="59"><span>test_deleteUserByName</span></a>
            <div class="node-attr">
            </div>
          </div>
        </div>
      </div>
  </div>
</div>
          </div>
        </li>
        <li class="test-item"  status="fail" test-id="58"
          author=""
          tag=""
          device="">
          <div class="test-detail">
            <p class="name">api.tests.UserTests2 - 5. test_loginUser</p>
            <p class="text-sm">
              <span>9:50:28 pm</span> / <span>00:00:01:572</span>
              <span class="badge fail-bg log float-right">Fail</span>
            </p>
          </div>
          <div class="test-contents d-none">
<div class="detail-head">
<div class="p-v-10">
<div class="info">
<h5 class="test-status text-fail">api.tests.UserTests2 - 5. test_loginUser</h5>
<span class='badge badge-success'>07.05.2025 9:50:28 pm</span>
<span class='badge badge-danger'>07.05.2025 9:50:30 pm</span>
<span class='badge badge-default'>00:00:01:572</span>
&middot; <span class='uri-anchor badge badge-default'>#test-id=58</span>
<span title='Skip to the next failed step' class='badge badge-danger pointer float-right ne ml-1'><i class="fa fa-fast-forward"></i></span>
<span title='Collapse all nodes' class='badge badge-default pointer float-right ct ml-1'><i class="fa fa-compress"></i></span>
<span title='Expand all nodes' class='badge badge-default pointer float-right et'><i class="fa fa-expand"></i></span>
</div>
<div class="m-t-10 m-l-5">This test verifies that logging in a user returns a 200 status code</div>
</div>
</div><div class="detail-body mt-4">
<table class="table table-sm">
  <thead><tr><th class="status-col">Status</th><th class="timestamp-col">Timestamp</th><th class="details-col">Details</th></tr></thead>
  <tbody>
      <tr class="event-row">
        <td><span class="badge log info-bg">Info</span></td>
        <td>9:50:28 pm</td>
        <td>
          test_loginUser started executing.
        </td>
      </tr>
      <tr class="event-row">
        <td><span class="badge log info-bg">Info</span></td>
        <td>9:50:30 pm</td>
        <td>
          <textarea readonly class="code-block">io.restassured.module.jsv.JsonSchemaValidationException: java.io.FileNotFoundException: C:\Users\ubaidullah.bawa\eclipse-workspace\PetStoreAutomation\test-data\getUserLoginSchema.json (The system cannot find the path specified)
	at io.restassured.module.jsv.JsonSchemaValidator$JsonSchemaValidatorFactory.create(JsonSchemaValidator.java:286)
	at io.restassured.module.jsv.JsonSchemaValidator.matchesJsonSchema(JsonSchemaValidator.java:157)
	at api.tests.UserTests2.test_loginUser(UserTests2.java:272)
	at java.base/jdk.internal.reflect.DirectMethodHandleAccessor.invoke(DirectMethodHandleAccessor.java:103)
	at java.base/java.lang.reflect.Method.invoke(Method.java:580)
	at org.testng.internal.invokers.MethodInvocationHelper.invokeMethod(MethodInvocationHelper.java:141)
	at org.testng.internal.invokers.TestInvoker.invokeMethod(TestInvoker.java:687)
	at org.testng.internal.invokers.TestInvoker.invokeTestMethod(TestInvoker.java:230)
	at org.testng.internal.invokers.MethodRunner.runInSequence(MethodRunner.java:63)
	at org.testng.internal.invokers.TestInvoker$MethodInvocationAgent.invoke(TestInvoker.java:995)
	at org.testng.internal.invokers.TestInvoker.invokeTestMethods(TestInvoker.java:203)
	at org.testng.internal.invokers.TestMethodWorker.invokeTestMethods(TestMethodWorker.java:154)
	at org.testng.internal.invokers.TestMethodWorker.run(TestMethodWorker.java:134)
	at java.base/java.util.concurrent.Executors$RunnableAdapter.call(Executors.java:572)
	at java.base/java.util.concurrent.FutureTask.run(FutureTask.java:317)
	at org.testng.internal.thread.graph.TestNGFutureTask.run(TestNGFutureTask.java:22)
	at java.base/java.util.concurrent.ThreadPoolExecutor.runWorker(ThreadPoolExecutor.java:1144)
	at java.base/java.util.concurrent.ThreadPoolExecutor$Worker.run(ThreadPoolExecutor.java:642)
	at java.base/java.lang.Thread.run(Thread.java:1583)
Caused by: java.io.FileNotFoundException: C:\Users\ubaidullah.bawa\eclipse-workspace\PetStoreAutomation\test-data\getUserLoginSchema.json (The system cannot find the path specified)
	at java.base/java.io.FileInputStream.open0(Native Method)
	at java.base/java.io.FileInputStream.open(FileInputStream.java:213)
	at java.base/java.io.FileInputStream.<init>(FileInputStream.java:152)
	at com.github.fge.jackson.JsonLoader.fromFile(JsonLoader.java:165)
	at io.restassured.module.jsv.JsonSchemaValidator$3.createSchemaInstance(JsonSchemaValidator.java:155)
	at io.restassured.module.jsv.JsonSchemaValidator$3.createSchemaInstance(JsonSchemaValidator.java:152)
	at io.restassured.module.jsv.JsonSchemaValidator$JsonSchemaValidatorFactory.create(JsonSchemaValidator.java:284)
	... 18 more
</textarea>
          
        </td>
      </tr>
      <tr class="event-row">
        <td><span class="badge log fail-bg">Fail</span></td>
        <td>9:50:30 pm</td>
        <td>
          test_loginUser got failed.
        </td>
      </tr>
  </tbody>
</table>
</div>
  <div class="mt-4">  <div class="accordion" role="tablist">
      <div class="card">
        <div class="card-header">
          <div class="card-toolbar node-info">
            <ul class="list-inline d-none d-sm-block">
              <li><span class="badge pass-bg log ">Pass</span></li>
              <li><span class='badge badge-default'>30:00:000</span></li>
              <li></li>
            </ul>
          </div>
          <div class="card-title">
            <a class="node " id="61"><span>test_loginUser</span></a>
            <div class="node-attr">
            </div>
          </div>
        </div>
      </div>
  </div>
</div>
          </div>
        </li>
        <li class="test-item"  status="fail" test-id="60"
          author=""
          tag=""
          device="">
          <div class="test-detail">
            <p class="name">api.tests.UserTests - 5. test_loginUser</p>
            <p class="text-sm">
              <span>9:50:30 pm</span> / <span>00:00:01:368</span>
              <span class="badge fail-bg log float-right">Fail</span>
            </p>
          </div>
          <div class="test-contents d-none">
<div class="detail-head">
<div class="p-v-10">
<div class="info">
<h5 class="test-status text-fail">api.tests.UserTests - 5. test_loginUser</h5>
<span class='badge badge-success'>07.05.2025 9:50:30 pm</span>
<span class='badge badge-danger'>07.05.2025 9:50:31 pm</span>
<span class='badge badge-default'>00:00:01:368</span>
&middot; <span class='uri-anchor badge badge-default'>#test-id=60</span>
<span title='Skip to the next failed step' class='badge badge-danger pointer float-right ne ml-1'><i class="fa fa-fast-forward"></i></span>
<span title='Collapse all nodes' class='badge badge-default pointer float-right ct ml-1'><i class="fa fa-compress"></i></span>
<span title='Expand all nodes' class='badge badge-default pointer float-right et'><i class="fa fa-expand"></i></span>
</div>
<div class="m-t-10 m-l-5">This test verifies that logging in a user returns a 200 status code</div>
</div>
</div><div class="detail-body mt-4">
<table class="table table-sm">
  <thead><tr><th class="status-col">Status</th><th class="timestamp-col">Timestamp</th><th class="details-col">Details</th></tr></thead>
  <tbody>
      <tr class="event-row">
        <td><span class="badge log info-bg">Info</span></td>
        <td>9:50:30 pm</td>
        <td>
          test_loginUser started executing.
        </td>
      </tr>
      <tr class="event-row">
        <td><span class="badge log info-bg">Info</span></td>
        <td>9:50:31 pm</td>
        <td>
          <textarea readonly class="code-block">io.restassured.module.jsv.JsonSchemaValidationException: java.io.FileNotFoundException: C:\Users\ubaidullah.bawa\eclipse-workspace\PetStoreAutomation\test-data\getUserLoginSchema.json (The system cannot find the path specified)
	at io.restassured.module.jsv.JsonSchemaValidator$JsonSchemaValidatorFactory.create(JsonSchemaValidator.java:286)
	at io.restassured.module.jsv.JsonSchemaValidator.matchesJsonSchema(JsonSchemaValidator.java:157)
	at api.tests.UserTests.test_loginUser(UserTests.java:269)
	at java.base/jdk.internal.reflect.DirectMethodHandleAccessor.invoke(DirectMethodHandleAccessor.java:103)
	at java.base/java.lang.reflect.Method.invoke(Method.java:580)
	at org.testng.internal.invokers.MethodInvocationHelper.invokeMethod(MethodInvocationHelper.java:141)
	at org.testng.internal.invokers.TestInvoker.invokeMethod(TestInvoker.java:687)
	at org.testng.internal.invokers.TestInvoker.invokeTestMethod(TestInvoker.java:230)
	at org.testng.internal.invokers.MethodRunner.runInSequence(MethodRunner.java:63)
	at org.testng.internal.invokers.TestInvoker$MethodInvocationAgent.invoke(TestInvoker.java:995)
	at org.testng.internal.invokers.TestInvoker.invokeTestMethods(TestInvoker.java:203)
	at org.testng.internal.invokers.TestMethodWorker.invokeTestMethods(TestMethodWorker.java:154)
	at org.testng.internal.invokers.TestMethodWorker.run(TestMethodWorker.java:134)
	at java.base/java.util.concurrent.Executors$RunnableAdapter.call(Executors.java:572)
	at java.base/java.util.concurrent.FutureTask.run(FutureTask.java:317)
	at org.testng.internal.thread.graph.TestNGFutureTask.run(TestNGFutureTask.java:22)
	at java.base/java.util.concurrent.ThreadPoolExecutor.runWorker(ThreadPoolExecutor.java:1144)
	at java.base/java.util.concurrent.ThreadPoolExecutor$Worker.run(ThreadPoolExecutor.java:642)
	at java.base/java.lang.Thread.run(Thread.java:1583)
Caused by: java.io.FileNotFoundException: C:\Users\ubaidullah.bawa\eclipse-workspace\PetStoreAutomation\test-data\getUserLoginSchema.json (The system cannot find the path specified)
	at java.base/java.io.FileInputStream.open0(Native Method)
	at java.base/java.io.FileInputStream.open(FileInputStream.java:213)
	at java.base/java.io.FileInputStream.<init>(FileInputStream.java:152)
	at com.github.fge.jackson.JsonLoader.fromFile(JsonLoader.java:165)
	at io.restassured.module.jsv.JsonSchemaValidator$3.createSchemaInstance(JsonSchemaValidator.java:155)
	at io.restassured.module.jsv.JsonSchemaValidator$3.createSchemaInstance(JsonSchemaValidator.java:152)
	at io.restassured.module.jsv.JsonSchemaValidator$JsonSchemaValidatorFactory.create(JsonSchemaValidator.java:284)
	... 18 more
</textarea>
          
        </td>
      </tr>
      <tr class="event-row">
        <td><span class="badge log fail-bg">Fail</span></td>
        <td>9:50:31 pm</td>
        <td>
          test_loginUser got failed.
        </td>
      </tr>
  </tbody>
</table>
</div>
  <div class="mt-4">  <div class="accordion" role="tablist">
      <div class="card">
        <div class="card-header">
          <div class="card-toolbar node-info">
            <ul class="list-inline d-none d-sm-block">
              <li><span class="badge pass-bg log ">Pass</span></li>
              <li><span class='badge badge-default'>30:00:000</span></li>
              <li></li>
            </ul>
          </div>
          <div class="card-title">
            <a class="node " id="64"><span>test_loginUser</span></a>
            <div class="node-attr">
            </div>
          </div>
        </div>
      </div>
  </div>
</div>
          </div>
        </li>
        <li class="test-item"  status="fail" test-id="62"
          author=""
          tag=""
          device="">
          <div class="test-detail">
            <p class="name">api.tests.UserTests2 - 6. test_logoutUser</p>
            <p class="text-sm">
              <span>9:50:30 pm</span> / <span>00:00:01:322</span>
              <span class="badge fail-bg log float-right">Fail</span>
            </p>
          </div>
          <div class="test-contents d-none">
<div class="detail-head">
<div class="p-v-10">
<div class="info">
<h5 class="test-status text-fail">api.tests.UserTests2 - 6. test_logoutUser</h5>
<span class='badge badge-success'>07.05.2025 9:50:30 pm</span>
<span class='badge badge-danger'>07.05.2025 9:50:31 pm</span>
<span class='badge badge-default'>00:00:01:322</span>
&middot; <span class='uri-anchor badge badge-default'>#test-id=62</span>
<span title='Skip to the next failed step' class='badge badge-danger pointer float-right ne ml-1'><i class="fa fa-fast-forward"></i></span>
<span title='Collapse all nodes' class='badge badge-default pointer float-right ct ml-1'><i class="fa fa-compress"></i></span>
<span title='Expand all nodes' class='badge badge-default pointer float-right et'><i class="fa fa-expand"></i></span>
</div>
<div class="m-t-10 m-l-5">This test verifies that the logout response returns a 200 status code</div>
</div>
</div><div class="detail-body mt-4">
<table class="table table-sm">
  <thead><tr><th class="status-col">Status</th><th class="timestamp-col">Timestamp</th><th class="details-col">Details</th></tr></thead>
  <tbody>
      <tr class="event-row">
        <td><span class="badge log info-bg">Info</span></td>
        <td>9:50:30 pm</td>
        <td>
          test_logoutUser started executing.
        </td>
      </tr>
      <tr class="event-row">
        <td><span class="badge log info-bg">Info</span></td>
        <td>9:50:30 pm</td>
        <td>
          Testing logout user for correct status code
        </td>
      </tr>
      <tr class="event-row">
        <td><span class="badge log info-bg">Info</span></td>
        <td>9:50:31 pm</td>
        <td>
          Test finished
        </td>
      </tr>
      <tr class="event-row">
        <td><span class="badge log info-bg">Info</span></td>
        <td>9:50:31 pm</td>
        <td>
          <textarea readonly class="code-block">io.restassured.module.jsv.JsonSchemaValidationException: java.io.FileNotFoundException: C:\Users\ubaidullah.bawa\eclipse-workspace\PetStoreAutomation\test-data\getUserLogoutSchema.json (The system cannot find the path specified)
	at io.restassured.module.jsv.JsonSchemaValidator$JsonSchemaValidatorFactory.create(JsonSchemaValidator.java:286)
	at io.restassured.module.jsv.JsonSchemaValidator.matchesJsonSchema(JsonSchemaValidator.java:157)
	at api.tests.UserTests2.test_logoutUser(UserTests2.java:325)
	at java.base/jdk.internal.reflect.DirectMethodHandleAccessor.invoke(DirectMethodHandleAccessor.java:103)
	at java.base/java.lang.reflect.Method.invoke(Method.java:580)
	at org.testng.internal.invokers.MethodInvocationHelper.invokeMethod(MethodInvocationHelper.java:141)
	at org.testng.internal.invokers.TestInvoker.invokeMethod(TestInvoker.java:687)
	at org.testng.internal.invokers.TestInvoker.invokeTestMethod(TestInvoker.java:230)
	at org.testng.internal.invokers.MethodRunner.runInSequence(MethodRunner.java:63)
	at org.testng.internal.invokers.TestInvoker$MethodInvocationAgent.invoke(TestInvoker.java:995)
	at org.testng.internal.invokers.TestInvoker.invokeTestMethods(TestInvoker.java:203)
	at org.testng.internal.invokers.TestMethodWorker.invokeTestMethods(TestMethodWorker.java:154)
	at org.testng.internal.invokers.TestMethodWorker.run(TestMethodWorker.java:134)
	at java.base/java.util.concurrent.Executors$RunnableAdapter.call(Executors.java:572)
	at java.base/java.util.concurrent.FutureTask.run(FutureTask.java:317)
	at org.testng.internal.thread.graph.TestNGFutureTask.run(TestNGFutureTask.java:22)
	at java.base/java.util.concurrent.ThreadPoolExecutor.runWorker(ThreadPoolExecutor.java:1144)
	at java.base/java.util.concurrent.ThreadPoolExecutor$Worker.run(ThreadPoolExecutor.java:642)
	at java.base/java.lang.Thread.run(Thread.java:1583)
Caused by: java.io.FileNotFoundException: C:\Users\ubaidullah.bawa\eclipse-workspace\PetStoreAutomation\test-data\getUserLogoutSchema.json (The system cannot find the path specified)
	at java.base/java.io.FileInputStream.open0(Native Method)
	at java.base/java.io.FileInputStream.open(FileInputStream.java:213)
	at java.base/java.io.FileInputStream.<init>(FileInputStream.java:152)
	at com.github.fge.jackson.JsonLoader.fromFile(JsonLoader.java:165)
	at io.restassured.module.jsv.JsonSchemaValidator$3.createSchemaInstance(JsonSchemaValidator.java:155)
	at io.restassured.module.jsv.JsonSchemaValidator$3.createSchemaInstance(JsonSchemaValidator.java:152)
	at io.restassured.module.jsv.JsonSchemaValidator$JsonSchemaValidatorFactory.create(JsonSchemaValidator.java:284)
	... 18 more
</textarea>
          
        </td>
      </tr>
      <tr class="event-row">
        <td><span class="badge log fail-bg">Fail</span></td>
        <td>9:50:31 pm</td>
        <td>
          test_logoutUser got failed.
        </td>
      </tr>
  </tbody>
</table>
</div>
  <div class="mt-4">  <div class="accordion" role="tablist">
      <div class="card">
        <div class="card-header">
          <div class="card-toolbar node-info">
            <ul class="list-inline d-none d-sm-block">
              <li><span class="badge pass-bg log ">Pass</span></li>
              <li><span class='badge badge-default'>30:00:000</span></li>
              <li></li>
            </ul>
          </div>
          <div class="card-title">
            <a class="node " id="63"><span>test_logoutUser</span></a>
            <div class="node-attr">
            </div>
          </div>
        </div>
      </div>
  </div>
</div>
          </div>
        </li>
        <li class="test-item"  status="fail" test-id="65"
          author=""
          tag=""
          device="">
          <div class="test-detail">
            <p class="name">api.tests.UserTests - 6. test_logoutUser</p>
            <p class="text-sm">
              <span>9:50:31 pm</span> / <span>00:00:01:425</span>
              <span class="badge fail-bg log float-right">Fail</span>
            </p>
          </div>
          <div class="test-contents d-none">
<div class="detail-head">
<div class="p-v-10">
<div class="info">
<h5 class="test-status text-fail">api.tests.UserTests - 6. test_logoutUser</h5>
<span class='badge badge-success'>07.05.2025 9:50:31 pm</span>
<span class='badge badge-danger'>07.05.2025 9:50:33 pm</span>
<span class='badge badge-default'>00:00:01:425</span>
&middot; <span class='uri-anchor badge badge-default'>#test-id=65</span>
<span title='Skip to the next failed step' class='badge badge-danger pointer float-right ne ml-1'><i class="fa fa-fast-forward"></i></span>
<span title='Collapse all nodes' class='badge badge-default pointer float-right ct ml-1'><i class="fa fa-compress"></i></span>
<span title='Expand all nodes' class='badge badge-default pointer float-right et'><i class="fa fa-expand"></i></span>
</div>
<div class="m-t-10 m-l-5">This test verifies that the logout response returns a 200 status code</div>
</div>
</div><div class="detail-body mt-4">
<table class="table table-sm">
  <thead><tr><th class="status-col">Status</th><th class="timestamp-col">Timestamp</th><th class="details-col">Details</th></tr></thead>
  <tbody>
      <tr class="event-row">
        <td><span class="badge log info-bg">Info</span></td>
        <td>9:50:31 pm</td>
        <td>
          test_logoutUser started executing.
        </td>
      </tr>
      <tr class="event-row">
        <td><span class="badge log info-bg">Info</span></td>
        <td>9:50:31 pm</td>
        <td>
          Testing logout user for correct status code
        </td>
      </tr>
      <tr class="event-row">
        <td><span class="badge log info-bg">Info</span></td>
        <td>9:50:33 pm</td>
        <td>
          Test finished
        </td>
      </tr>
      <tr class="event-row">
        <td><span class="badge log info-bg">Info</span></td>
        <td>9:50:33 pm</td>
        <td>
          <textarea readonly class="code-block">io.restassured.module.jsv.JsonSchemaValidationException: java.io.FileNotFoundException: C:\Users\ubaidullah.bawa\eclipse-workspace\PetStoreAutomation\test-data\getUserLogoutSchema.json (The system cannot find the path specified)
	at io.restassured.module.jsv.JsonSchemaValidator$JsonSchemaValidatorFactory.create(JsonSchemaValidator.java:286)
	at io.restassured.module.jsv.JsonSchemaValidator.matchesJsonSchema(JsonSchemaValidator.java:157)
	at api.tests.UserTests.test_logoutUser(UserTests.java:322)
	at java.base/jdk.internal.reflect.DirectMethodHandleAccessor.invoke(DirectMethodHandleAccessor.java:103)
	at java.base/java.lang.reflect.Method.invoke(Method.java:580)
	at org.testng.internal.invokers.MethodInvocationHelper.invokeMethod(MethodInvocationHelper.java:141)
	at org.testng.internal.invokers.TestInvoker.invokeMethod(TestInvoker.java:687)
	at org.testng.internal.invokers.TestInvoker.invokeTestMethod(TestInvoker.java:230)
	at org.testng.internal.invokers.MethodRunner.runInSequence(MethodRunner.java:63)
	at org.testng.internal.invokers.TestInvoker$MethodInvocationAgent.invoke(TestInvoker.java:995)
	at org.testng.internal.invokers.TestInvoker.invokeTestMethods(TestInvoker.java:203)
	at org.testng.internal.invokers.TestMethodWorker.invokeTestMethods(TestMethodWorker.java:154)
	at org.testng.internal.invokers.TestMethodWorker.run(TestMethodWorker.java:134)
	at java.base/java.util.concurrent.Executors$RunnableAdapter.call(Executors.java:572)
	at java.base/java.util.concurrent.FutureTask.run(FutureTask.java:317)
	at org.testng.internal.thread.graph.TestNGFutureTask.run(TestNGFutureTask.java:22)
	at java.base/java.util.concurrent.ThreadPoolExecutor.runWorker(ThreadPoolExecutor.java:1144)
	at java.base/java.util.concurrent.ThreadPoolExecutor$Worker.run(ThreadPoolExecutor.java:642)
	at java.base/java.lang.Thread.run(Thread.java:1583)
Caused by: java.io.FileNotFoundException: C:\Users\ubaidullah.bawa\eclipse-workspace\PetStoreAutomation\test-data\getUserLogoutSchema.json (The system cannot find the path specified)
	at java.base/java.io.FileInputStream.open0(Native Method)
	at java.base/java.io.FileInputStream.open(FileInputStream.java:213)
	at java.base/java.io.FileInputStream.<init>(FileInputStream.java:152)
	at com.github.fge.jackson.JsonLoader.fromFile(JsonLoader.java:165)
	at io.restassured.module.jsv.JsonSchemaValidator$3.createSchemaInstance(JsonSchemaValidator.java:155)
	at io.restassured.module.jsv.JsonSchemaValidator$3.createSchemaInstance(JsonSchemaValidator.java:152)
	at io.restassured.module.jsv.JsonSchemaValidator$JsonSchemaValidatorFactory.create(JsonSchemaValidator.java:284)
	... 18 more
</textarea>
          
        </td>
      </tr>
      <tr class="event-row">
        <td><span class="badge log fail-bg">Fail</span></td>
        <td>9:50:33 pm</td>
        <td>
          test_logoutUser got failed.
        </td>
      </tr>
  </tbody>
</table>
</div>
  <div class="mt-4">  <div class="accordion" role="tablist">
      <div class="card">
        <div class="card-header">
          <div class="card-toolbar node-info">
            <ul class="list-inline d-none d-sm-block">
              <li><span class="badge pass-bg log ">Pass</span></li>
              <li><span class='badge badge-default'>30:00:000</span></li>
              <li></li>
            </ul>
          </div>
          <div class="card-title">
            <a class="node " id="66"><span>test_logoutUser</span></a>
            <div class="node-attr">
            </div>
          </div>
        </div>
      </div>
  </div>
</div>
          </div>
        </li>
      </ul>
    </div>
  </div>
<div class="test-content scrollable">
<div class="test-content-tools">
<ul><li><a class="back-to-test" href="#"><i class="fa fa-arrow-left"></i></a></li></ul>
</div>
<div class="test-content-detail"><div class="detail-body"></div></div>
</div></div>
<div class="test-wrapper row view exception-view attributes-view">
<div class="test-list">
<div class="test-list-tools">
<ul class="tools pull-left"><li><a href=""><span class="font-size-14">Exception</span></a></li></ul>
<ul class="tools text-right"><li><a href="#"><span class="badge badge-primary">3</span></a></li></ul>
</div>
<div class="test-list-wrapper scrollable">
<ul class="test-list-item">
<li class="test-item">
<div class="test-detail">
<span class="meta">
<span class='badge log badge-danger'>14</span>
<span class='badge log badge-skip'>4</span>
</span>
<p class="name">io.restassured.module.jsv.JsonSchemaValidationException</p>
<p class="duration text-sm">18 tests</p>
</div>
<div class="test-contents d-none">
<div class="info">
<h4>io.restassured.module.jsv.JsonSchemaValidationException</h4>
<span status="fail" class='badge log badge-danger'>14 failed</span>
<span status="skip" class='badge log badge-skip'>4 skipped</span>
</div>
<table class='table table-sm mt-4'>
<thead>
<tr>
<th class="status-col">Status</th>
<th class="timestamp-col">Timestamp</th>
<th>TestName</th>
</tr>
</thead>
<tbody>
<tr class="tag-test-status" status="fail">
<td><span class="badge log fail-bg">Fail</span></td>
<td>21:50:10 pm</td>
<td>
<a href="#" class="linked" test-id='2' id='2'>api.tests.UserTests2 - 1. test_createUser</a>
</td>
</tr>
<tr class="tag-test-status" status="fail">
<td><span class="badge log fail-bg">Fail</span></td>
<td>21:50:10 pm</td>
<td>
<a href="#" class="linked" test-id='1' id='1'>api.tests.UserTests - 1. test_createUser</a>
</td>
</tr>
<tr class="tag-test-status" status="fail">
<td><span class="badge log fail-bg">Fail</span></td>
<td>21:50:17 pm</td>
<td>
<a href="#" class="linked" test-id='15' id='15'>api.tests.UserTests2 - 3. test_updateUserByName</a>
</td>
</tr>
<tr class="tag-test-status" status="fail">
<td><span class="badge log fail-bg">Fail</span></td>
<td>21:50:18 pm</td>
<td>
<a href="#" class="linked" test-id='19' id='19'>api.tests.UserTests - 3. test_updateUserByName</a>
</td>
</tr>
<tr class="tag-test-status" status="fail">
<td><span class="badge log fail-bg">Fail</span></td>
<td>21:50:18 pm</td>
<td>
<a href="#" class="linked" test-id='21' id='21'>api.tests.UserTests2 - 3. test_updateUserByName</a>
</td>
</tr>
<tr class="tag-test-status" status="fail">
<td><span class="badge log fail-bg">Fail</span></td>
<td>21:50:20 pm</td>
<td>
<a href="#" class="linked" test-id='26' id='26'>api.tests.UserTests - 3. test_updateUserByName</a>
</td>
</tr>
<tr class="tag-test-status" status="fail">
<td><span class="badge log fail-bg">Fail</span></td>
<td>21:50:20 pm</td>
<td>
<a href="#" class="linked" test-id='27' id='27'>api.tests.UserTests2 - 3. test_updateUserByName</a>
</td>
</tr>
<tr class="tag-test-status" status="fail">
<td><span class="badge log fail-bg">Fail</span></td>
<td>21:50:21 pm</td>
<td>
<a href="#" class="linked" test-id='33' id='33'>api.tests.UserTests2 - 3. test_updateUserByName</a>
</td>
</tr>
<tr class="tag-test-status" status="fail">
<td><span class="badge log fail-bg">Fail</span></td>
<td>21:50:21 pm</td>
<td>
<a href="#" class="linked" test-id='32' id='32'>api.tests.UserTests - 3. test_updateUserByName</a>
</td>
</tr>
<tr class="tag-test-status" status="fail">
<td><span class="badge log fail-bg">Fail</span></td>
<td>21:50:22 pm</td>
<td>
<a href="#" class="linked" test-id='38' id='38'>api.tests.UserTests - 3. test_updateUserByName</a>
</td>
</tr>
<tr class="tag-test-status" status="skip">
<td><span class="badge log skip-bg">Skip</span></td>
<td>21:50:22 pm</td>
<td>
<a href="#" class="linked" test-id='39' id='39'>api.tests.UserTests2 - 4. test_deleteUserByName</a>
</td>
</tr>
<tr class="tag-test-status" status="skip">
<td><span class="badge log skip-bg">Skip</span></td>
<td>21:50:24 pm</td>
<td>
<a href="#" class="linked" test-id='45' id='45'>api.tests.UserTests - 4. test_deleteUserByName</a>
</td>
</tr>
<tr class="tag-test-status" status="skip">
<td><span class="badge log skip-bg">Skip</span></td>
<td>21:50:25 pm</td>
<td>
<a href="#" class="linked" test-id='49' id='49'>api.tests.UserTests2 - 4. test_deleteUserByName</a>
</td>
</tr>
<tr class="tag-test-status" status="skip">
<td><span class="badge log skip-bg">Skip</span></td>
<td>21:50:25 pm</td>
<td>
<a href="#" class="linked" test-id='50' id='50'>api.tests.UserTests - 4. test_deleteUserByName</a>
</td>
</tr>
<tr class="tag-test-status" status="fail">
<td><span class="badge log fail-bg">Fail</span></td>
<td>21:50:28 pm</td>
<td>
<a href="#" class="linked" test-id='58' id='58'>api.tests.UserTests2 - 5. test_loginUser</a>
</td>
</tr>
<tr class="tag-test-status" status="fail">
<td><span class="badge log fail-bg">Fail</span></td>
<td>21:50:30 pm</td>
<td>
<a href="#" class="linked" test-id='62' id='62'>api.tests.UserTests2 - 6. test_logoutUser</a>
</td>
</tr>
<tr class="tag-test-status" status="fail">
<td><span class="badge log fail-bg">Fail</span></td>
<td>21:50:30 pm</td>
<td>
<a href="#" class="linked" test-id='60' id='60'>api.tests.UserTests - 5. test_loginUser</a>
</td>
</tr>
<tr class="tag-test-status" status="fail">
<td><span class="badge log fail-bg">Fail</span></td>
<td>21:50:31 pm</td>
<td>
<a href="#" class="linked" test-id='65' id='65'>api.tests.UserTests - 6. test_logoutUser</a>
</td>
</tr>
</tbody>
</table>
</div>
</li>
<li class="test-item">
<div class="test-detail">
<span class="meta">
<span class='badge log badge-danger'>2</span>
<span class='badge log badge-skip'>4</span>
</span>
<p class="name">java.lang.AssertionError</p>
<p class="duration text-sm">6 tests</p>
</div>
<div class="test-contents d-none">
<div class="info">
<h4>java.lang.AssertionError</h4>
<span status="fail" class='badge log badge-danger'>2 failed</span>
<span status="skip" class='badge log badge-skip'>4 skipped</span>
</div>
<table class='table table-sm mt-4'>
<thead>
<tr>
<th class="status-col">Status</th>
<th class="timestamp-col">Timestamp</th>
<th>TestName</th>
</tr>
</thead>
<tbody>
<tr class="tag-test-status" status="skip">
<td><span class="badge log skip-bg">Skip</span></td>
<td>21:50:17 pm</td>
<td>
<a href="#" class="linked" test-id='17' id='17'>api.tests.DDTests - 4. test_DDT_deleteUsers</a>
</td>
</tr>
<tr class="tag-test-status" status="skip">
<td><span class="badge log skip-bg">Skip</span></td>
<td>21:50:19 pm</td>
<td>
<a href="#" class="linked" test-id='23' id='23'>api.tests.DDTests - 4. test_DDT_deleteUsers</a>
</td>
</tr>
<tr class="tag-test-status" status="skip">
<td><span class="badge log skip-bg">Skip</span></td>
<td>21:50:24 pm</td>
<td>
<a href="#" class="linked" test-id='44' id='44'>api.tests.UserTests2 - 4. test_deleteUserByName</a>
</td>
</tr>
<tr class="tag-test-status" status="fail">
<td><span class="badge log fail-bg">Fail</span></td>
<td>21:50:27 pm</td>
<td>
<a href="#" class="linked" test-id='53' id='53'>api.tests.UserTests2 - 4. test_deleteUserByName</a>
</td>
</tr>
<tr class="tag-test-status" status="skip">
<td><span class="badge log skip-bg">Skip</span></td>
<td>21:50:27 pm</td>
<td>
<a href="#" class="linked" test-id='54' id='54'>api.tests.UserTests - 4. test_deleteUserByName</a>
</td>
</tr>
<tr class="tag-test-status" status="fail">
<td><span class="badge log fail-bg">Fail</span></td>
<td>21:50:28 pm</td>
<td>
<a href="#" class="linked" test-id='57' id='57'>api.tests.UserTests - 4. test_deleteUserByName</a>
</td>
</tr>
</tbody>
</table>
</div>
</li>
<li class="test-item">
<div class="test-detail">
<span class="meta">
<span class='badge log badge-danger'>1</span>
</span>
<p class="name">org.json.JSONException</p>
<p class="duration text-sm">1 tests</p>
</div>
<div class="test-contents d-none">
<div class="info">
<h4>org.json.JSONException</h4>
<span status="fail" class='badge log badge-danger'>1 failed</span>
</div>
<table class='table table-sm mt-4'>
<thead>
<tr>
<th class="status-col">Status</th>
<th class="timestamp-col">Timestamp</th>
<th>TestName</th>
</tr>
</thead>
<tbody>
<tr class="tag-test-status" status="fail">
<td><span class="badge log fail-bg">Fail</span></td>
<td>21:50:15 pm</td>
<td>
<a href="#" class="linked" test-id='8' id='8'>api.tests.UserTests - 2. test_getUserByName</a>
</td>
</tr>
</tbody>
</table>
</div>
</li>
</ul>
</div>
</div>
<div class="test-content scrollable">
<div class="test-content-detail">
<div class="detail-body"></div>
</div>
</div>
</div><div class="container-fluid p-4 view dashboard-view">
<div class="row">
<div class="col-md-3">
<div class="card"><div class="card-body">
<p class="m-b-0">Started</p>
<h3>05/07/2025 09:50:10 pm</h3>
</div></div>
</div>
<div class="col-md-3">
<div class="card"><div class="card-body">
<p class="m-b-0">Ended</p>
<h3>05/07/2025 09:50:33 pm</h3>
</div></div>
</div>
<div class="col-md-3">
<div class="card"><div class="card-body">
<p class="m-b-0 text-pass">Tests Passed</p>
<h3>8</h3>
</div></div>
</div>
<div class="col-md-3">
<div class="card"><div class="card-body">
<p class="m-b-0 text-fail">Tests Failed</p>
<h3>17</h3>
</div></div>
</div>
</div>
<div class="row">
<div class="col-md-4">
<div class="card">
<div class="card-header">
<h6 class="card-title">Tests</h6>
</div>
<div class="card-body">
<div class="">
<canvas id='parent-analysis' width='115' height='90'></canvas>
</div>
</div>
<div class="card-footer">
<div><small data-tooltip='24%'>
<b>8</b> tests passed
</small>
</div>
<div>
<small data-tooltip='51%'><b>17</b> tests failed,
<b>8</b> skipped, <b data-tooltip='0%'>0</b> others
</small>
</div>
</div>
</div>
</div>
<div class="col-md-4">
<div class="card">
<div class="card-header">
<h6 class="card-title">Steps</h6>
</div>
<div class="card-body">
<div class="">
<canvas id='child-analysis' width='115' height='90'></canvas>
</div>
</div>
<div class="card-footer">
<div><small data-tooltip='100%'><b>33</b> steps passed</small></div>
<div>
<small data-tooltip='0%'><b>0</b> steps failed,
<b>0</b> skipped, <b data-tooltip='%'>0</b> others
</small>
</div>
</div>
</div>
</div>
<div class="col-md-4">
<div class="card">
<div class="card-header">
<h6 class="card-title">Log events</h6>
</div>
<div class="card-body">
<div class="">
<canvas id='events-analysis' width='115' height='90'></canvas>
</div>
</div>
<div class="card-footer">
<div><small data-tooltip='6%'><b>8</b> events passed</small></div>
<div>
<small data-tooltip='16%'><b>21</b> events failed,
<b data-tooltip='%'>101</b> others
</small>
</div>
</div>
</div>
</div>
</div>
<div class="row"><div class="col-md-12">
<div class="card"><div class="card-header"><p>Timeline</p></div>
<div class="card-body pt-0"><div>
<canvas id="timeline" height="120"></canvas>
</div></div>
</div>
</div></div>
<script>
var timeline = {
"api.tests.UserTests2 - 1. test_createUser":4.797,"api.tests.UserTests - 1. test_createUser":4.798,"api.tests.DDTests - 1. test_DDT_createUser":2.682,"api.tests.DDTests - 1. test_DDT_createUser":1.548,"api.tests.UserTests - 2. test_getUserByName":1.546,"api.tests.UserTests2 - 2. test_getUserByName":1.652,"api.tests.DDTests - 1. test_DDT_createUser":1.351,"api.tests.UserTests - 2. test_getUserByName":1.283,"api.tests.UserTests2 - 3. test_updateUserByName":1.252,"api.tests.DDTests - 4. test_DDT_deleteUsers":1.332,"api.tests.UserTests - 3. test_updateUserByName":1.574,"api.tests.UserTests2 - 3. test_updateUserByName":1.502,"api.tests.DDTests - 4. test_DDT_deleteUsers":1.345,"api.tests.UserTests - 3. test_updateUserByName":1.227,"api.tests.UserTests2 - 3. test_updateUserByName":1.227,"api.tests.DDTests - 4. test_DDT_deleteUsers":1.416,"api.tests.UserTests - 3. test_updateUserByName":1.536,"api.tests.UserTests2 - 3. test_updateUserByName":1.535,"api.tests.DDTests - 4. test_DDT_deleteUsers":1.437,"api.tests.UserTests - 3. test_updateUserByName":1.429,"api.tests.UserTests2 - 4. test_deleteUserByName":1.428,"api.tests.DDTests - 4. test_DDT_deleteUsers":1.524,"api.tests.UserTests2 - 4. test_deleteUserByName":1.392,"api.tests.UserTests - 4. test_deleteUserByName":1.386,"api.tests.UserTests2 - 4. test_deleteUserByName":1.473,"api.tests.UserTests - 4. test_deleteUserByName":1.475,"api.tests.UserTests2 - 4. test_deleteUserByName":1.532,"api.tests.UserTests - 4. test_deleteUserByName":1.529,"api.tests.UserTests - 4. test_deleteUserByName":1.535,"api.tests.UserTests2 - 5. test_loginUser":1.572,"api.tests.UserTests - 5. test_loginUser":1.368,"api.tests.UserTests2 - 6. test_logoutUser":1.322,"api.tests.UserTests - 6. test_logoutUser":1.425
};
</script>
<div class="row">
<div class="col-lg-6 col-md-12 sysenv-container">
<div class="card">
<div class="card-header"><p>System/Environment</p></div>
<div class="card-body pb-0 pt-0"><table class="table table-sm table-bordered">
<thead><tr class="bg-gray"><th>Name</th><th>Value</th></tr></thead>
<tbody>
<tr>
<td>Application</td>
<td>Pet Store Users API</td>
</tr>
<tr>
<td>User</td>
<td>Ubaid</td>
</tr>
<tr>
<td>Environment</td>
<td>QA</td>
</tr>
</tbody>
</table></div>
</div>
</div>
</div>
</div>
<script>
var statusGroup = {
parentCount: 5,
passParent: 8,
failParent: 17,
warningParent: 0,
skipParent: 8,
childCount: 5,
passChild: 33,
failChild: 0,
warningChild: 0,
skipChild: 0,
infoChild: 0,
grandChildCount: 5,
passGrandChild: 0,
failGrandChild: 0,
warningGrandChild: 0,
skipGrandChild: 0,
infoGrandChild: 0,
eventsCount: 5,
passEvents: 8,
failEvents: 21,
warningEvents: 0,
skipEvents: 15,
infoEvents: 86
};
</script>        </div>
      </div>
    </div>
  </div>
<script src="https://cdn.jsdelivr.net/gh/extent-framework/extent-github-cdn@c05cd28cde1617b9d0c05a831daff6cb97fd9fd5/spark/js/spark-script.js"></script>
<script type="text/javascript"></script></body>
</html>