<html>
<head>
<title>TestNG:  Test</title>
<link href="../testng.css" rel="stylesheet" type="text/css" />
<link href="../my-testng.css" rel="stylesheet" type="text/css" />

<style type="text/css">
.log { display: none;} 
.stack-trace { display: none;} 
</style>
<script type="text/javascript">
<!--
function flip(e) {
  current = e.style.display;
  if (current == 'block') {
    e.style.display = 'none';
    return 0;
  }
  else {
    e.style.display = 'block';
    return 1;
  }
}

function toggleBox(szDivId, elem, msg1, msg2)
{
  var res = -1;  if (document.getElementById) {
    res = flip(document.getElementById(szDivId));
  }
  else if (document.all) {
    // this is the way old msie versions work
    res = flip(document.all[szDivId]);
  }
  if(elem) {
    if(res == 0) elem.innerHTML = msg1; else elem.innerHTML = msg2;
  }

}

function toggleAllBoxes() {
  if (document.getElementsByTagName) {
    d = document.getElementsByTagName('div');
    for (i = 0; i < d.length; i++) {
      if (d[i].className == 'log') {
        flip(d[i]);
      }
    }
  }
}

// -->
</script>

</head>
<body>
<h2 align='center'>Test</h2><table border='1' align="center">
<tr>
<td>Tests passed/Failed/Skipped:</td><td>18/0/2</td>
</tr><tr>
<td>Started on:</td><td>Sun Jul 06 00:21:49 IST 2025</td>
</tr>
<tr><td>Total time:</td><td>18 seconds (18833 ms)</td>
</tr><tr>
<td>Included groups:</td><td></td>
</tr><tr>
<td>Excluded groups:</td><td></td>
</tr>
</table><p/>
<small><i>(Hover the method name to see the test class name)</i></small><p/>
<table width='100%' border='1' class='invocation-passed'>
<tr><td colspan='4' align='center'><b>PASSED TESTS</b></td></tr>
<tr><td><b>Test method</b></td>
<td><b>Attribute(s)</b></td>
<td width="30%"><b>Exception</b></td>
<td width="10%"><b>Time (seconds)</b></td>
<td><b>Instance</b></td>
</tr>
<tr>
<td title='api.tests.UserTests.test_deleteUserByName()'><b>test_deleteUserByName</b><br>Test class: api.tests.UserTests</td>
<td></td>
<td>2</td>
<td>api.tests.UserTests@5dcb4f5f</td></tr>
<tr>
<td title='api.tests.UserTests2.test_deleteUserByName()'><b>test_deleteUserByName</b><br>Test class: api.tests.UserTests2</td>
<td></td>
<td>1</td>
<td>api.tests.UserTests2@71812481</td></tr>
<tr>
<td title='api.tests.DDTests.test_DDT_deleteUsers()'><b>test_DDT_deleteUsers</b><br>Test class: api.tests.DDTests<br>Parameters: testuser2</td>
<td></td>
<td>1</td>
<td>api.tests.DDTests@2766ca9d</td></tr>
<tr>
<td title='api.tests.DDTests.test_DDT_deleteUsers()'><b>test_DDT_deleteUsers</b><br>Test class: api.tests.DDTests<br>Parameters: testuser1</td>
<td></td>
<td>1</td>
<td>api.tests.DDTests@2766ca9d</td></tr>
<tr>
<td title='api.tests.UserTests2.test_createUser()'><b>test_createUser</b><br>Test class: api.tests.UserTests2</td>
<td></td>
<td>8</td>
<td>api.tests.UserTests2@71812481</td></tr>
<tr>
<td title='api.tests.UserTests2.test_getUserByName()'><b>test_getUserByName</b><br>Test class: api.tests.UserTests2</td>
<td></td>
<td>1</td>
<td>api.tests.UserTests2@71812481</td></tr>
<tr>
<td title='api.tests.UserTests.test_loginUser()'><b>test_loginUser</b><br>Test class: api.tests.UserTests<br>Test method: This test verifies that logging in a user returns a 200 status code</td>
<td></td>
<td>1</td>
<td>api.tests.UserTests@5dcb4f5f</td></tr>
<tr>
<td title='api.tests.UserTests.test_getUserByName()'><b>test_getUserByName</b><br>Test class: api.tests.UserTests</td>
<td></td>
<td>1</td>
<td>api.tests.UserTests@5dcb4f5f</td></tr>
<tr>
<td title='api.tests.UserTests.test_updateUserByName()'><b>test_updateUserByName</b><br>Test class: api.tests.UserTests</td>
<td></td>
<td>1</td>
<td>api.tests.UserTests@5dcb4f5f</td></tr>
<tr>
<td title='api.tests.UserTests2.test_loginUser()'><b>test_loginUser</b><br>Test class: api.tests.UserTests2<br>Test method: This test verifies that logging in a user returns a 200 status code</td>
<td></td>
<td>1</td>
<td>api.tests.UserTests2@71812481</td></tr>
<tr>
<td title='api.tests.UserTests2.test_updateUserByName()'><b>test_updateUserByName</b><br>Test class: api.tests.UserTests2</td>
<td></td>
<td>1</td>
<td>api.tests.UserTests2@71812481</td></tr>
<tr>
<td title='api.tests.DDTests.test_DDT_createUser()'><b>test_DDT_createUser</b><br>Test class: api.tests.DDTests<br>Parameters: 2010, testuser1, John, Canedy, a@gmail.com, test@1, 8687809765</td>
<td></td>
<td>3</td>
<td>api.tests.DDTests@2766ca9d</td></tr>
<tr>
<td title='api.tests.DDTests.test_DDT_createUser()'><b>test_DDT_createUser</b><br>Test class: api.tests.DDTests<br>Parameters: 2011, testuser2, Kim, Kom, b@gmail.com, test@2, 8687809565</td>
<td></td>
<td>1</td>
<td>api.tests.DDTests@2766ca9d</td></tr>
<tr>
<td title='api.tests.UserTests2.test_logoutUser()'><b>test_logoutUser</b><br>Test class: api.tests.UserTests2<br>Test method: This test verifies that the logout response returns a 200 status code</td>
<td></td>
<td>1</td>
<td>api.tests.UserTests2@71812481</td></tr>
<tr>
<td title='api.tests.UserTests.test_createUser()'><b>test_createUser</b><br>Test class: api.tests.UserTests</td>
<td></td>
<td>8</td>
<td>api.tests.UserTests@5dcb4f5f</td></tr>
<tr>
<td title='api.tests.DDTests.test_DDT_createUser()'><b>test_DDT_createUser</b><br>Test class: api.tests.DDTests<br>Parameters: 2012, testuser3, Smith, Steve, c@gmail.com, test@3, 8687309765</td>
<td></td>
<td>1</td>
<td>api.tests.DDTests@2766ca9d</td></tr>
<tr>
<td title='api.tests.DDTests.test_DDT_deleteUsers()'><b>test_DDT_deleteUsers</b><br>Test class: api.tests.DDTests<br>Parameters: testuser3</td>
<td></td>
<td>1</td>
<td>api.tests.DDTests@2766ca9d</td></tr>
<tr>
<td title='api.tests.UserTests.test_logoutUser()'><b>test_logoutUser</b><br>Test class: api.tests.UserTests<br>Test method: This test verifies that the logout response returns a 200 status code</td>
<td></td>
<td>1</td>
<td>api.tests.UserTests@5dcb4f5f</td></tr>
</table><p>
<table width='100%' border='1' class='invocation-skipped'>
<tr><td colspan='4' align='center'><b>SKIPPED TESTS</b></td></tr>
<tr><td><b>Test method</b></td>
<td><b>Attribute(s)</b></td>
<td width="30%"><b>Exception</b></td>
<td width="10%"><b>Time (seconds)</b></td>
<td><b>Instance</b></td>
</tr>
<tr>
<td title='api.tests.UserTests2.test_getUserByName()'><b>test_getUserByName</b><br>Test class: api.tests.UserTests2</td>
<td><div><pre>org.json.JSONException: JSONObject[&quot;id&quot;] not found.
	at org.json.JSONObject.get(JSONObject.java:635)
	at api.tests.UserTests2.test_getUserByName(UserTests2.java:128)
	at java.base/java.util.concurrent.Executors$RunnableAdapter.call(Executors.java:572)
	at java.base/java.util.concurrent.FutureTask.run(FutureTask.java:317)
	at java.base/java.util.concurrent.ThreadPoolExecutor.runWorker(ThreadPoolExecutor.java:1144)
	at java.base/java.util.concurrent.ThreadPoolExecutor$Worker.run(ThreadPoolExecutor.java:642)
	at java.base/java.lang.Thread.run(Thread.java:1583)
... Removed 11 stack frames</pre></div><a href='#' onClick='toggleBox("stack-trace143857030", this, "Click to show all stack frames", "Click to hide stack frames")'>Click to show all stack frames</a>
<div class='stack-trace' id='stack-trace143857030'><pre>org.json.JSONException: JSONObject[&quot;id&quot;] not found.
	at org.json.JSONObject.get(JSONObject.java:635)
	at api.tests.UserTests2.test_getUserByName(UserTests2.java:128)
	at java.base/jdk.internal.reflect.DirectMethodHandleAccessor.invoke(DirectMethodHandleAccessor.java:103)
	at java.base/java.lang.reflect.Method.invoke(Method.java:580)
	at org.testng.internal.invokers.MethodInvocationHelper.invokeMethod(MethodInvocationHelper.java:141)
	at org.testng.internal.invokers.TestInvoker.invokeMethod(TestInvoker.java:687)
	at org.testng.internal.invokers.TestInvoker.invokeTestMethod(TestInvoker.java:230)
	at org.testng.internal.invokers.MethodRunner.runInSequence(MethodRunner.java:63)
	at org.testng.internal.invokers.TestInvoker$MethodInvocationAgent.invoke(TestInvoker.java:995)
	at org.testng.internal.invokers.TestInvoker.invokeTestMethods(TestInvoker.java:203)
	at org.testng.internal.invokers.TestMethodWorker.invokeTestMethods(TestMethodWorker.java:154)
	at org.testng.internal.invokers.TestMethodWorker.run(TestMethodWorker.java:134)
	at java.base/java.util.concurrent.Executors$RunnableAdapter.call(Executors.java:572)
	at java.base/java.util.concurrent.FutureTask.run(FutureTask.java:317)
	at org.testng.internal.thread.graph.TestNGFutureTask.run(TestNGFutureTask.java:22)
	at java.base/java.util.concurrent.ThreadPoolExecutor.runWorker(ThreadPoolExecutor.java:1144)
	at java.base/java.util.concurrent.ThreadPoolExecutor$Worker.run(ThreadPoolExecutor.java:642)
	at java.base/java.lang.Thread.run(Thread.java:1583)
</pre></div></td>
<td>1</td>
<td>api.tests.UserTests2@71812481</td></tr>
<tr>
<td title='api.tests.UserTests.test_getUserByName()'><b>test_getUserByName</b><br>Test class: api.tests.UserTests</td>
<td><div><pre>org.json.JSONException: JSONObject[&quot;id&quot;] not found.
	at org.json.JSONObject.get(JSONObject.java:635)
	at api.tests.UserTests.test_getUserByName(UserTests.java:125)
	at java.base/java.util.concurrent.Executors$RunnableAdapter.call(Executors.java:572)
	at java.base/java.util.concurrent.FutureTask.run(FutureTask.java:317)
	at java.base/java.util.concurrent.ThreadPoolExecutor.runWorker(ThreadPoolExecutor.java:1144)
	at java.base/java.util.concurrent.ThreadPoolExecutor$Worker.run(ThreadPoolExecutor.java:642)
	at java.base/java.lang.Thread.run(Thread.java:1583)
... Removed 11 stack frames</pre></div><a href='#' onClick='toggleBox("stack-trace12763945", this, "Click to show all stack frames", "Click to hide stack frames")'>Click to show all stack frames</a>
<div class='stack-trace' id='stack-trace12763945'><pre>org.json.JSONException: JSONObject[&quot;id&quot;] not found.
	at org.json.JSONObject.get(JSONObject.java:635)
	at api.tests.UserTests.test_getUserByName(UserTests.java:125)
	at java.base/jdk.internal.reflect.DirectMethodHandleAccessor.invoke(DirectMethodHandleAccessor.java:103)
	at java.base/java.lang.reflect.Method.invoke(Method.java:580)
	at org.testng.internal.invokers.MethodInvocationHelper.invokeMethod(MethodInvocationHelper.java:141)
	at org.testng.internal.invokers.TestInvoker.invokeMethod(TestInvoker.java:687)
	at org.testng.internal.invokers.TestInvoker.invokeTestMethod(TestInvoker.java:230)
	at org.testng.internal.invokers.MethodRunner.runInSequence(MethodRunner.java:63)
	at org.testng.internal.invokers.TestInvoker$MethodInvocationAgent.invoke(TestInvoker.java:995)
	at org.testng.internal.invokers.TestInvoker.invokeTestMethods(TestInvoker.java:203)
	at org.testng.internal.invokers.TestMethodWorker.invokeTestMethods(TestMethodWorker.java:154)
	at org.testng.internal.invokers.TestMethodWorker.run(TestMethodWorker.java:134)
	at java.base/java.util.concurrent.Executors$RunnableAdapter.call(Executors.java:572)
	at java.base/java.util.concurrent.FutureTask.run(FutureTask.java:317)
	at org.testng.internal.thread.graph.TestNGFutureTask.run(TestNGFutureTask.java:22)
	at java.base/java.util.concurrent.ThreadPoolExecutor.runWorker(ThreadPoolExecutor.java:1144)
	at java.base/java.util.concurrent.ThreadPoolExecutor$Worker.run(ThreadPoolExecutor.java:642)
	at java.base/java.lang.Thread.run(Thread.java:1583)
</pre></div></td>
<td>1</td>
<td>api.tests.UserTests@5dcb4f5f</td></tr>
</table><p>
</body>
</html>